<?xml version="1.0" encoding="UTF-8"?>
<coverage generated="1717672908">
  <project timestamp="1717672908">
    <file name="/Users/ruzevic/projects/infinum/wp/infobip/wp-content/plugins/eightshift-forms/src/Activate.php">
      <class name="EightshiftForms\Activate" namespace="global">
        <metrics complexity="4" methods="1" coveredmethods="0" conditionals="0" coveredconditionals="0" statements="6" coveredstatements="0" elements="7" coveredelements="0"/>
      </class>
      <line num="26" type="method" name="activate" visibility="public" complexity="4" crap="20" count="0"/>
      <line num="29" type="stmt" count="0"/>
      <line num="30" type="stmt" count="0"/>
      <line num="32" type="stmt" count="0"/>
      <line num="33" type="stmt" count="0"/>
      <line num="34" type="stmt" count="0"/>
      <line num="40" type="stmt" count="0"/>
      <metrics loc="43" ncloc="30" classes="1" methods="1" coveredmethods="0" conditionals="0" coveredconditionals="0" statements="6" coveredstatements="0" elements="7" coveredelements="0"/>
    </file>
    <file name="/Users/ruzevic/projects/infinum/wp/infobip/wp-content/plugins/eightshift-forms/src/AdminMenus/FormAdminMenu.php">
      <class name="EightshiftForms\AdminMenus\FormAdminMenu" namespace="global">
        <metrics complexity="90" methods="19" coveredmethods="0" conditionals="0" coveredconditionals="0" statements="667" coveredstatements="0" elements="686" coveredelements="0"/>
      </class>
      <line num="43" type="method" name="__construct" visibility="public" complexity="1" crap="2" count="0"/>
      <line num="45" type="stmt" count="0"/>
      <line num="81" type="method" name="getTitle" visibility="protected" complexity="1" crap="2" count="0"/>
      <line num="83" type="stmt" count="0"/>
      <line num="91" type="method" name="getMenuTitle" visibility="protected" complexity="1" crap="2" count="0"/>
      <line num="93" type="stmt" count="0"/>
      <line num="101" type="method" name="getCapability" visibility="protected" complexity="1" crap="2" count="0"/>
      <line num="103" type="stmt" count="0"/>
      <line num="113" type="method" name="getMenuSlug" visibility="protected" complexity="1" crap="2" count="0"/>
      <line num="115" type="stmt" count="0"/>
      <line num="128" type="method" name="getIcon" visibility="protected" complexity="1" crap="2" count="0"/>
      <line num="130" type="stmt" count="0"/>
      <line num="149" type="method" name="getPosition" visibility="protected" complexity="1" crap="2" count="0"/>
      <line num="151" type="stmt" count="0"/>
      <line num="159" type="method" name="getViewComponent" visibility="protected" complexity="1" crap="2" count="0"/>
      <line num="161" type="stmt" count="0"/>
      <line num="172" type="method" name="render" visibility="public" complexity="1" crap="2" count="0"/>
      <line num="174" type="stmt" count="0"/>
      <line num="189" type="method" name="processAttributes" visibility="protected" complexity="11" crap="132" count="0"/>
      <line num="191" type="stmt" count="0"/>
      <line num="192" type="stmt" count="0"/>
      <line num="193" type="stmt" count="0"/>
      <line num="194" type="stmt" count="0"/>
      <line num="197" type="stmt" count="0"/>
      <line num="198" type="stmt" count="0"/>
      <line num="199" type="stmt" count="0"/>
      <line num="200" type="stmt" count="0"/>
      <line num="202" type="stmt" count="0"/>
      <line num="204" type="stmt" count="0"/>
      <line num="206" type="stmt" count="0"/>
      <line num="207" type="stmt" count="0"/>
      <line num="208" type="stmt" count="0"/>
      <line num="209" type="stmt" count="0"/>
      <line num="210" type="stmt" count="0"/>
      <line num="211" type="stmt" count="0"/>
      <line num="212" type="stmt" count="0"/>
      <line num="214" type="stmt" count="0"/>
      <line num="216" type="stmt" count="0"/>
      <line num="217" type="stmt" count="0"/>
      <line num="219" type="stmt" count="0"/>
      <line num="220" type="stmt" count="0"/>
      <line num="221" type="stmt" count="0"/>
      <line num="222" type="stmt" count="0"/>
      <line num="223" type="stmt" count="0"/>
      <line num="224" type="stmt" count="0"/>
      <line num="225" type="stmt" count="0"/>
      <line num="226" type="stmt" count="0"/>
      <line num="227" type="stmt" count="0"/>
      <line num="228" type="stmt" count="0"/>
      <line num="229" type="stmt" count="0"/>
      <line num="230" type="stmt" count="0"/>
      <line num="231" type="stmt" count="0"/>
      <line num="233" type="stmt" count="0"/>
      <line num="234" type="stmt" count="0"/>
      <line num="236" type="stmt" count="0"/>
      <line num="237" type="stmt" count="0"/>
      <line num="239" type="stmt" count="0"/>
      <line num="240" type="stmt" count="0"/>
      <line num="241" type="stmt" count="0"/>
      <line num="242" type="stmt" count="0"/>
      <line num="243" type="stmt" count="0"/>
      <line num="244" type="stmt" count="0"/>
      <line num="245" type="stmt" count="0"/>
      <line num="246" type="stmt" count="0"/>
      <line num="247" type="stmt" count="0"/>
      <line num="249" type="stmt" count="0"/>
      <line num="250" type="stmt" count="0"/>
      <line num="251" type="stmt" count="0"/>
      <line num="253" type="stmt" count="0"/>
      <line num="254" type="stmt" count="0"/>
      <line num="255" type="stmt" count="0"/>
      <line num="256" type="stmt" count="0"/>
      <line num="257" type="stmt" count="0"/>
      <line num="258" type="stmt" count="0"/>
      <line num="259" type="stmt" count="0"/>
      <line num="260" type="stmt" count="0"/>
      <line num="261" type="stmt" count="0"/>
      <line num="263" type="stmt" count="0"/>
      <line num="264" type="stmt" count="0"/>
      <line num="265" type="stmt" count="0"/>
      <line num="266" type="stmt" count="0"/>
      <line num="268" type="stmt" count="0"/>
      <line num="269" type="stmt" count="0"/>
      <line num="270" type="stmt" count="0"/>
      <line num="272" type="stmt" count="0"/>
      <line num="273" type="stmt" count="0"/>
      <line num="274" type="stmt" count="0"/>
      <line num="275" type="stmt" count="0"/>
      <line num="276" type="stmt" count="0"/>
      <line num="277" type="stmt" count="0"/>
      <line num="278" type="stmt" count="0"/>
      <line num="279" type="stmt" count="0"/>
      <line num="280" type="stmt" count="0"/>
      <line num="281" type="stmt" count="0"/>
      <line num="283" type="stmt" count="0"/>
      <line num="284" type="stmt" count="0"/>
      <line num="286" type="stmt" count="0"/>
      <line num="287" type="stmt" count="0"/>
      <line num="288" type="stmt" count="0"/>
      <line num="290" type="stmt" count="0"/>
      <line num="291" type="stmt" count="0"/>
      <line num="292" type="stmt" count="0"/>
      <line num="293" type="stmt" count="0"/>
      <line num="294" type="stmt" count="0"/>
      <line num="295" type="stmt" count="0"/>
      <line num="296" type="stmt" count="0"/>
      <line num="297" type="stmt" count="0"/>
      <line num="298" type="stmt" count="0"/>
      <line num="299" type="stmt" count="0"/>
      <line num="302" type="stmt" count="0"/>
      <line num="303" type="stmt" count="0"/>
      <line num="304" type="stmt" count="0"/>
      <line num="305" type="stmt" count="0"/>
      <line num="306" type="stmt" count="0"/>
      <line num="307" type="stmt" count="0"/>
      <line num="308" type="stmt" count="0"/>
      <line num="309" type="stmt" count="0"/>
      <line num="310" type="stmt" count="0"/>
      <line num="320" type="method" name="getMultilangTitle" visibility="private" complexity="3" crap="12" count="0"/>
      <line num="322" type="stmt" count="0"/>
      <line num="323" type="stmt" count="0"/>
      <line num="324" type="stmt" count="0"/>
      <line num="325" type="stmt" count="0"/>
      <line num="326" type="stmt" count="0"/>
      <line num="330" type="stmt" count="0"/>
      <line num="341" type="method" name="getNoItemsMessage" visibility="private" complexity="7" crap="56" count="0"/>
      <line num="344" type="stmt" count="0"/>
      <line num="345" type="stmt" count="0"/>
      <line num="346" type="stmt" count="0"/>
      <line num="347" type="stmt" count="0"/>
      <line num="349" type="stmt" count="0"/>
      <line num="351" type="stmt" count="0"/>
      <line num="352" type="stmt" count="0"/>
      <line num="353" type="stmt" count="0"/>
      <line num="354" type="stmt" count="0"/>
      <line num="355" type="stmt" count="0"/>
      <line num="356" type="stmt" count="0"/>
      <line num="357" type="stmt" count="0"/>
      <line num="358" type="stmt" count="0"/>
      <line num="359" type="stmt" count="0"/>
      <line num="360" type="stmt" count="0"/>
      <line num="362" type="stmt" count="0"/>
      <line num="364" type="stmt" count="0"/>
      <line num="365" type="stmt" count="0"/>
      <line num="366" type="stmt" count="0"/>
      <line num="367" type="stmt" count="0"/>
      <line num="369" type="stmt" count="0"/>
      <line num="370" type="stmt" count="0"/>
      <line num="371" type="stmt" count="0"/>
      <line num="373" type="stmt" count="0"/>
      <line num="375" type="stmt" count="0"/>
      <line num="376" type="stmt" count="0"/>
      <line num="377" type="stmt" count="0"/>
      <line num="378" type="stmt" count="0"/>
      <line num="380" type="stmt" count="0"/>
      <line num="381" type="stmt" count="0"/>
      <line num="382" type="stmt" count="0"/>
      <line num="383" type="stmt" count="0"/>
      <line num="384" type="stmt" count="0"/>
      <line num="386" type="stmt" count="0"/>
      <line num="388" type="stmt" count="0"/>
      <line num="389" type="stmt" count="0"/>
      <line num="390" type="stmt" count="0"/>
      <line num="391" type="stmt" count="0"/>
      <line num="392" type="stmt" count="0"/>
      <line num="393" type="stmt" count="0"/>
      <line num="394" type="stmt" count="0"/>
      <line num="395" type="stmt" count="0"/>
      <line num="396" type="stmt" count="0"/>
      <line num="398" type="stmt" count="0"/>
      <line num="400" type="stmt" count="0"/>
      <line num="401" type="stmt" count="0"/>
      <line num="402" type="stmt" count="0"/>
      <line num="403" type="stmt" count="0"/>
      <line num="404" type="stmt" count="0"/>
      <line num="406" type="stmt" count="0"/>
      <line num="407" type="stmt" count="0"/>
      <line num="408" type="stmt" count="0"/>
      <line num="410" type="stmt" count="0"/>
      <line num="412" type="stmt" count="0"/>
      <line num="413" type="stmt" count="0"/>
      <line num="414" type="stmt" count="0"/>
      <line num="415" type="stmt" count="0"/>
      <line num="416" type="stmt" count="0"/>
      <line num="419" type="stmt" count="0"/>
      <line num="431" type="method" name="getTopBarItems" visibility="private" complexity="7" crap="56" count="0"/>
      <line num="433" type="stmt" count="0"/>
      <line num="434" type="stmt" count="0"/>
      <line num="435" type="stmt" count="0"/>
      <line num="436" type="stmt" count="0"/>
      <line num="438" type="stmt" count="0"/>
      <line num="439" type="stmt" count="0"/>
      <line num="442" type="stmt" count="0"/>
      <line num="443" type="stmt" count="0"/>
      <line num="444" type="stmt" count="0"/>
      <line num="445" type="stmt" count="0"/>
      <line num="446" type="stmt" count="0"/>
      <line num="447" type="stmt" count="0"/>
      <line num="448" type="stmt" count="0"/>
      <line num="449" type="stmt" count="0"/>
      <line num="450" type="stmt" count="0"/>
      <line num="451" type="stmt" count="0"/>
      <line num="452" type="stmt" count="0"/>
      <line num="453" type="stmt" count="0"/>
      <line num="454" type="stmt" count="0"/>
      <line num="455" type="stmt" count="0"/>
      <line num="456" type="stmt" count="0"/>
      <line num="457" type="stmt" count="0"/>
      <line num="458" type="stmt" count="0"/>
      <line num="459" type="stmt" count="0"/>
      <line num="460" type="stmt" count="0"/>
      <line num="461" type="stmt" count="0"/>
      <line num="462" type="stmt" count="0"/>
      <line num="463" type="stmt" count="0"/>
      <line num="464" type="stmt" count="0"/>
      <line num="465" type="stmt" count="0"/>
      <line num="466" type="stmt" count="0"/>
      <line num="467" type="stmt" count="0"/>
      <line num="468" type="stmt" count="0"/>
      <line num="469" type="stmt" count="0"/>
      <line num="470" type="stmt" count="0"/>
      <line num="471" type="stmt" count="0"/>
      <line num="472" type="stmt" count="0"/>
      <line num="473" type="stmt" count="0"/>
      <line num="474" type="stmt" count="0"/>
      <line num="475" type="stmt" count="0"/>
      <line num="476" type="stmt" count="0"/>
      <line num="477" type="stmt" count="0"/>
      <line num="478" type="stmt" count="0"/>
      <line num="479" type="stmt" count="0"/>
      <line num="480" type="stmt" count="0"/>
      <line num="481" type="stmt" count="0"/>
      <line num="482" type="stmt" count="0"/>
      <line num="483" type="stmt" count="0"/>
      <line num="484" type="stmt" count="0"/>
      <line num="485" type="stmt" count="0"/>
      <line num="487" type="stmt" count="0"/>
      <line num="488" type="stmt" count="0"/>
      <line num="489" type="stmt" count="0"/>
      <line num="490" type="stmt" count="0"/>
      <line num="491" type="stmt" count="0"/>
      <line num="492" type="stmt" count="0"/>
      <line num="493" type="stmt" count="0"/>
      <line num="494" type="stmt" count="0"/>
      <line num="495" type="stmt" count="0"/>
      <line num="496" type="stmt" count="0"/>
      <line num="497" type="stmt" count="0"/>
      <line num="498" type="stmt" count="0"/>
      <line num="499" type="stmt" count="0"/>
      <line num="500" type="stmt" count="0"/>
      <line num="501" type="stmt" count="0"/>
      <line num="502" type="stmt" count="0"/>
      <line num="503" type="stmt" count="0"/>
      <line num="504" type="stmt" count="0"/>
      <line num="505" type="stmt" count="0"/>
      <line num="506" type="stmt" count="0"/>
      <line num="507" type="stmt" count="0"/>
      <line num="508" type="stmt" count="0"/>
      <line num="509" type="stmt" count="0"/>
      <line num="510" type="stmt" count="0"/>
      <line num="511" type="stmt" count="0"/>
      <line num="512" type="stmt" count="0"/>
      <line num="513" type="stmt" count="0"/>
      <line num="514" type="stmt" count="0"/>
      <line num="515" type="stmt" count="0"/>
      <line num="516" type="stmt" count="0"/>
      <line num="517" type="stmt" count="0"/>
      <line num="518" type="stmt" count="0"/>
      <line num="519" type="stmt" count="0"/>
      <line num="520" type="stmt" count="0"/>
      <line num="521" type="stmt" count="0"/>
      <line num="522" type="stmt" count="0"/>
      <line num="523" type="stmt" count="0"/>
      <line num="524" type="stmt" count="0"/>
      <line num="525" type="stmt" count="0"/>
      <line num="526" type="stmt" count="0"/>
      <line num="527" type="stmt" count="0"/>
      <line num="528" type="stmt" count="0"/>
      <line num="529" type="stmt" count="0"/>
      <line num="530" type="stmt" count="0"/>
      <line num="531" type="stmt" count="0"/>
      <line num="532" type="stmt" count="0"/>
      <line num="533" type="stmt" count="0"/>
      <line num="534" type="stmt" count="0"/>
      <line num="536" type="stmt" count="0"/>
      <line num="537" type="stmt" count="0"/>
      <line num="538" type="stmt" count="0"/>
      <line num="539" type="stmt" count="0"/>
      <line num="540" type="stmt" count="0"/>
      <line num="541" type="stmt" count="0"/>
      <line num="542" type="stmt" count="0"/>
      <line num="543" type="stmt" count="0"/>
      <line num="544" type="stmt" count="0"/>
      <line num="545" type="stmt" count="0"/>
      <line num="546" type="stmt" count="0"/>
      <line num="547" type="stmt" count="0"/>
      <line num="548" type="stmt" count="0"/>
      <line num="549" type="stmt" count="0"/>
      <line num="550" type="stmt" count="0"/>
      <line num="551" type="stmt" count="0"/>
      <line num="552" type="stmt" count="0"/>
      <line num="553" type="stmt" count="0"/>
      <line num="554" type="stmt" count="0"/>
      <line num="555" type="stmt" count="0"/>
      <line num="556" type="stmt" count="0"/>
      <line num="557" type="stmt" count="0"/>
      <line num="558" type="stmt" count="0"/>
      <line num="559" type="stmt" count="0"/>
      <line num="560" type="stmt" count="0"/>
      <line num="561" type="stmt" count="0"/>
      <line num="562" type="stmt" count="0"/>
      <line num="563" type="stmt" count="0"/>
      <line num="564" type="stmt" count="0"/>
      <line num="565" type="stmt" count="0"/>
      <line num="566" type="stmt" count="0"/>
      <line num="567" type="stmt" count="0"/>
      <line num="568" type="stmt" count="0"/>
      <line num="569" type="stmt" count="0"/>
      <line num="570" type="stmt" count="0"/>
      <line num="571" type="stmt" count="0"/>
      <line num="572" type="stmt" count="0"/>
      <line num="573" type="stmt" count="0"/>
      <line num="575" type="stmt" count="0"/>
      <line num="576" type="stmt" count="0"/>
      <line num="577" type="stmt" count="0"/>
      <line num="578" type="stmt" count="0"/>
      <line num="579" type="stmt" count="0"/>
      <line num="580" type="stmt" count="0"/>
      <line num="581" type="stmt" count="0"/>
      <line num="582" type="stmt" count="0"/>
      <line num="583" type="stmt" count="0"/>
      <line num="584" type="stmt" count="0"/>
      <line num="585" type="stmt" count="0"/>
      <line num="586" type="stmt" count="0"/>
      <line num="587" type="stmt" count="0"/>
      <line num="588" type="stmt" count="0"/>
      <line num="589" type="stmt" count="0"/>
      <line num="590" type="stmt" count="0"/>
      <line num="591" type="stmt" count="0"/>
      <line num="592" type="stmt" count="0"/>
      <line num="593" type="stmt" count="0"/>
      <line num="594" type="stmt" count="0"/>
      <line num="595" type="stmt" count="0"/>
      <line num="596" type="stmt" count="0"/>
      <line num="597" type="stmt" count="0"/>
      <line num="600" type="stmt" count="0"/>
      <line num="601" type="stmt" count="0"/>
      <line num="602" type="stmt" count="0"/>
      <line num="603" type="stmt" count="0"/>
      <line num="604" type="stmt" count="0"/>
      <line num="605" type="stmt" count="0"/>
      <line num="606" type="stmt" count="0"/>
      <line num="607" type="stmt" count="0"/>
      <line num="608" type="stmt" count="0"/>
      <line num="609" type="stmt" count="0"/>
      <line num="610" type="stmt" count="0"/>
      <line num="611" type="stmt" count="0"/>
      <line num="613" type="stmt" count="0"/>
      <line num="614" type="stmt" count="0"/>
      <line num="615" type="stmt" count="0"/>
      <line num="616" type="stmt" count="0"/>
      <line num="617" type="stmt" count="0"/>
      <line num="618" type="stmt" count="0"/>
      <line num="619" type="stmt" count="0"/>
      <line num="620" type="stmt" count="0"/>
      <line num="621" type="stmt" count="0"/>
      <line num="622" type="stmt" count="0"/>
      <line num="623" type="stmt" count="0"/>
      <line num="624" type="stmt" count="0"/>
      <line num="625" type="stmt" count="0"/>
      <line num="626" type="stmt" count="0"/>
      <line num="627" type="stmt" count="0"/>
      <line num="628" type="stmt" count="0"/>
      <line num="629" type="stmt" count="0"/>
      <line num="630" type="stmt" count="0"/>
      <line num="631" type="stmt" count="0"/>
      <line num="632" type="stmt" count="0"/>
      <line num="633" type="stmt" count="0"/>
      <line num="634" type="stmt" count="0"/>
      <line num="635" type="stmt" count="0"/>
      <line num="636" type="stmt" count="0"/>
      <line num="637" type="stmt" count="0"/>
      <line num="638" type="stmt" count="0"/>
      <line num="639" type="stmt" count="0"/>
      <line num="640" type="stmt" count="0"/>
      <line num="641" type="stmt" count="0"/>
      <line num="642" type="stmt" count="0"/>
      <line num="643" type="stmt" count="0"/>
      <line num="644" type="stmt" count="0"/>
      <line num="645" type="stmt" count="0"/>
      <line num="646" type="stmt" count="0"/>
      <line num="647" type="stmt" count="0"/>
      <line num="648" type="stmt" count="0"/>
      <line num="649" type="stmt" count="0"/>
      <line num="650" type="stmt" count="0"/>
      <line num="651" type="stmt" count="0"/>
      <line num="652" type="stmt" count="0"/>
      <line num="653" type="stmt" count="0"/>
      <line num="655" type="stmt" count="0"/>
      <line num="656" type="stmt" count="0"/>
      <line num="657" type="stmt" count="0"/>
      <line num="658" type="stmt" count="0"/>
      <line num="659" type="stmt" count="0"/>
      <line num="660" type="stmt" count="0"/>
      <line num="661" type="stmt" count="0"/>
      <line num="662" type="stmt" count="0"/>
      <line num="663" type="stmt" count="0"/>
      <line num="664" type="stmt" count="0"/>
      <line num="665" type="stmt" count="0"/>
      <line num="666" type="stmt" count="0"/>
      <line num="667" type="stmt" count="0"/>
      <line num="668" type="stmt" count="0"/>
      <line num="669" type="stmt" count="0"/>
      <line num="672" type="stmt" count="0"/>
      <line num="673" type="stmt" count="0"/>
      <line num="674" type="stmt" count="0"/>
      <line num="675" type="stmt" count="0"/>
      <line num="687" type="method" name="getListingItems" visibility="private" complexity="22" crap="506" count="0"/>
      <line num="689" type="stmt" count="0"/>
      <line num="690" type="stmt" count="0"/>
      <line num="693" type="stmt" count="0"/>
      <line num="694" type="stmt" count="0"/>
      <line num="695" type="stmt" count="0"/>
      <line num="696" type="stmt" count="0"/>
      <line num="697" type="stmt" count="0"/>
      <line num="699" type="stmt" count="0"/>
      <line num="701" type="stmt" count="0"/>
      <line num="703" type="stmt" count="0"/>
      <line num="704" type="stmt" count="0"/>
      <line num="705" type="stmt" count="0"/>
      <line num="706" type="stmt" count="0"/>
      <line num="707" type="stmt" count="0"/>
      <line num="708" type="stmt" count="0"/>
      <line num="709" type="stmt" count="0"/>
      <line num="710" type="stmt" count="0"/>
      <line num="712" type="stmt" count="0"/>
      <line num="713" type="stmt" count="0"/>
      <line num="714" type="stmt" count="0"/>
      <line num="715" type="stmt" count="0"/>
      <line num="716" type="stmt" count="0"/>
      <line num="717" type="stmt" count="0"/>
      <line num="719" type="stmt" count="0"/>
      <line num="721" type="stmt" count="0"/>
      <line num="722" type="stmt" count="0"/>
      <line num="723" type="stmt" count="0"/>
      <line num="724" type="stmt" count="0"/>
      <line num="725" type="stmt" count="0"/>
      <line num="726" type="stmt" count="0"/>
      <line num="727" type="stmt" count="0"/>
      <line num="728" type="stmt" count="0"/>
      <line num="729" type="stmt" count="0"/>
      <line num="730" type="stmt" count="0"/>
      <line num="731" type="stmt" count="0"/>
      <line num="732" type="stmt" count="0"/>
      <line num="733" type="stmt" count="0"/>
      <line num="734" type="stmt" count="0"/>
      <line num="735" type="stmt" count="0"/>
      <line num="737" type="stmt" count="0"/>
      <line num="738" type="stmt" count="0"/>
      <line num="739" type="stmt" count="0"/>
      <line num="740" type="stmt" count="0"/>
      <line num="741" type="stmt" count="0"/>
      <line num="742" type="stmt" count="0"/>
      <line num="743" type="stmt" count="0"/>
      <line num="744" type="stmt" count="0"/>
      <line num="746" type="stmt" count="0"/>
      <line num="747" type="stmt" count="0"/>
      <line num="748" type="stmt" count="0"/>
      <line num="749" type="stmt" count="0"/>
      <line num="750" type="stmt" count="0"/>
      <line num="752" type="stmt" count="0"/>
      <line num="753" type="stmt" count="0"/>
      <line num="754" type="stmt" count="0"/>
      <line num="755" type="stmt" count="0"/>
      <line num="756" type="stmt" count="0"/>
      <line num="757" type="stmt" count="0"/>
      <line num="758" type="stmt" count="0"/>
      <line num="759" type="stmt" count="0"/>
      <line num="763" type="stmt" count="0"/>
      <line num="765" type="stmt" count="0"/>
      <line num="767" type="stmt" count="0"/>
      <line num="769" type="stmt" count="0"/>
      <line num="770" type="stmt" count="0"/>
      <line num="771" type="stmt" count="0"/>
      <line num="772" type="stmt" count="0"/>
      <line num="773" type="stmt" count="0"/>
      <line num="774" type="stmt" count="0"/>
      <line num="775" type="stmt" count="0"/>
      <line num="776" type="stmt" count="0"/>
      <line num="777" type="stmt" count="0"/>
      <line num="778" type="stmt" count="0"/>
      <line num="779" type="stmt" count="0"/>
      <line num="780" type="stmt" count="0"/>
      <line num="781" type="stmt" count="0"/>
      <line num="782" type="stmt" count="0"/>
      <line num="784" type="stmt" count="0"/>
      <line num="786" type="stmt" count="0"/>
      <line num="787" type="stmt" count="0"/>
      <line num="788" type="stmt" count="0"/>
      <line num="789" type="stmt" count="0"/>
      <line num="790" type="stmt" count="0"/>
      <line num="792" type="stmt" count="0"/>
      <line num="794" type="stmt" count="0"/>
      <line num="797" type="stmt" count="0"/>
      <line num="798" type="stmt" count="0"/>
      <line num="799" type="stmt" count="0"/>
      <line num="800" type="stmt" count="0"/>
      <line num="801" type="stmt" count="0"/>
      <line num="802" type="stmt" count="0"/>
      <line num="803" type="stmt" count="0"/>
      <line num="804" type="stmt" count="0"/>
      <line num="805" type="stmt" count="0"/>
      <line num="806" type="stmt" count="0"/>
      <line num="807" type="stmt" count="0"/>
      <line num="808" type="stmt" count="0"/>
      <line num="809" type="stmt" count="0"/>
      <line num="810" type="stmt" count="0"/>
      <line num="811" type="stmt" count="0"/>
      <line num="814" type="stmt" count="0"/>
      <line num="816" type="stmt" count="0"/>
      <line num="817" type="stmt" count="0"/>
      <line num="818" type="stmt" count="0"/>
      <line num="819" type="stmt" count="0"/>
      <line num="820" type="stmt" count="0"/>
      <line num="821" type="stmt" count="0"/>
      <line num="822" type="stmt" count="0"/>
      <line num="824" type="stmt" count="0"/>
      <line num="826" type="stmt" count="0"/>
      <line num="829" type="stmt" count="0"/>
      <line num="831" type="stmt" count="0"/>
      <line num="832" type="stmt" count="0"/>
      <line num="833" type="stmt" count="0"/>
      <line num="834" type="stmt" count="0"/>
      <line num="835" type="stmt" count="0"/>
      <line num="836" type="stmt" count="0"/>
      <line num="837" type="stmt" count="0"/>
      <line num="838" type="stmt" count="0"/>
      <line num="839" type="stmt" count="0"/>
      <line num="840" type="stmt" count="0"/>
      <line num="841" type="stmt" count="0"/>
      <line num="842" type="stmt" count="0"/>
      <line num="843" type="stmt" count="0"/>
      <line num="844" type="stmt" count="0"/>
      <line num="845" type="stmt" count="0"/>
      <line num="846" type="stmt" count="0"/>
      <line num="847" type="stmt" count="0"/>
      <line num="849" type="stmt" count="0"/>
      <line num="852" type="stmt" count="0"/>
      <line num="862" type="method" name="isIntegrationValid" visibility="private" complexity="3" crap="12" count="0"/>
      <line num="864" type="stmt" count="0"/>
      <line num="865" type="stmt" count="0"/>
      <line num="866" type="stmt" count="0"/>
      <line num="868" type="stmt" count="0"/>
      <line num="879" type="method" name="getSubtitle" visibility="private" complexity="14" crap="210" count="0"/>
      <line num="881" type="stmt" count="0"/>
      <line num="883" type="stmt" count="0"/>
      <line num="884" type="stmt" count="0"/>
      <line num="885" type="stmt" count="0"/>
      <line num="886" type="stmt" count="0"/>
      <line num="887" type="stmt" count="0"/>
      <line num="889" type="stmt" count="0"/>
      <line num="890" type="stmt" count="0"/>
      <line num="891" type="stmt" count="0"/>
      <line num="892" type="stmt" count="0"/>
      <line num="893" type="stmt" count="0"/>
      <line num="895" type="stmt" count="0"/>
      <line num="896" type="stmt" count="0"/>
      <line num="898" type="stmt" count="0"/>
      <line num="899" type="stmt" count="0"/>
      <line num="903" type="stmt" count="0"/>
      <line num="904" type="stmt" count="0"/>
      <line num="907" type="stmt" count="0"/>
      <line num="908" type="stmt" count="0"/>
      <line num="911" type="stmt" count="0"/>
      <line num="912" type="stmt" count="0"/>
      <line num="915" type="stmt" count="0"/>
      <line num="925" type="method" name="getLeftContent" visibility="private" complexity="1" crap="2" count="0"/>
      <line num="927" type="stmt" count="0"/>
      <line num="929" type="stmt" count="0"/>
      <line num="930" type="stmt" count="0"/>
      <line num="931" type="stmt" count="0"/>
      <line num="932" type="stmt" count="0"/>
      <line num="933" type="stmt" count="0"/>
      <line num="934" type="stmt" count="0"/>
      <line num="946" type="method" name="getRightContent" visibility="private" complexity="9" crap="90" count="0"/>
      <line num="948" type="stmt" count="0"/>
      <line num="950" type="stmt" count="0"/>
      <line num="953" type="stmt" count="0"/>
      <line num="954" type="stmt" count="0"/>
      <line num="955" type="stmt" count="0"/>
      <line num="956" type="stmt" count="0"/>
      <line num="957" type="stmt" count="0"/>
      <line num="958" type="stmt" count="0"/>
      <line num="959" type="stmt" count="0"/>
      <line num="960" type="stmt" count="0"/>
      <line num="961" type="stmt" count="0"/>
      <line num="962" type="stmt" count="0"/>
      <line num="963" type="stmt" count="0"/>
      <line num="964" type="stmt" count="0"/>
      <line num="965" type="stmt" count="0"/>
      <line num="966" type="stmt" count="0"/>
      <line num="967" type="stmt" count="0"/>
      <line num="968" type="stmt" count="0"/>
      <line num="969" type="stmt" count="0"/>
      <line num="970" type="stmt" count="0"/>
      <line num="971" type="stmt" count="0"/>
      <line num="972" type="stmt" count="0"/>
      <line num="973" type="stmt" count="0"/>
      <line num="974" type="stmt" count="0"/>
      <line num="975" type="stmt" count="0"/>
      <line num="976" type="stmt" count="0"/>
      <line num="977" type="stmt" count="0"/>
      <line num="979" type="stmt" count="0"/>
      <line num="980" type="stmt" count="0"/>
      <line num="981" type="stmt" count="0"/>
      <line num="982" type="stmt" count="0"/>
      <line num="983" type="stmt" count="0"/>
      <line num="984" type="stmt" count="0"/>
      <line num="985" type="stmt" count="0"/>
      <line num="986" type="stmt" count="0"/>
      <line num="987" type="stmt" count="0"/>
      <line num="988" type="stmt" count="0"/>
      <line num="989" type="stmt" count="0"/>
      <line num="990" type="stmt" count="0"/>
      <line num="991" type="stmt" count="0"/>
      <line num="992" type="stmt" count="0"/>
      <line num="993" type="stmt" count="0"/>
      <line num="995" type="stmt" count="0"/>
      <line num="996" type="stmt" count="0"/>
      <line num="997" type="stmt" count="0"/>
      <line num="998" type="stmt" count="0"/>
      <line num="999" type="stmt" count="0"/>
      <line num="1000" type="stmt" count="0"/>
      <line num="1001" type="stmt" count="0"/>
      <line num="1002" type="stmt" count="0"/>
      <line num="1003" type="stmt" count="0"/>
      <line num="1005" type="stmt" count="0"/>
      <line num="1007" type="stmt" count="0"/>
      <line num="1009" type="stmt" count="0"/>
      <line num="1010" type="stmt" count="0"/>
      <line num="1011" type="stmt" count="0"/>
      <line num="1012" type="stmt" count="0"/>
      <line num="1013" type="stmt" count="0"/>
      <line num="1014" type="stmt" count="0"/>
      <line num="1015" type="stmt" count="0"/>
      <line num="1016" type="stmt" count="0"/>
      <line num="1017" type="stmt" count="0"/>
      <line num="1018" type="stmt" count="0"/>
      <line num="1019" type="stmt" count="0"/>
      <line num="1020" type="stmt" count="0"/>
      <line num="1021" type="stmt" count="0"/>
      <line num="1022" type="stmt" count="0"/>
      <line num="1024" type="stmt" count="0"/>
      <line num="1025" type="stmt" count="0"/>
      <line num="1026" type="stmt" count="0"/>
      <line num="1027" type="stmt" count="0"/>
      <line num="1028" type="stmt" count="0"/>
      <line num="1029" type="stmt" count="0"/>
      <line num="1030" type="stmt" count="0"/>
      <line num="1031" type="stmt" count="0"/>
      <line num="1032" type="stmt" count="0"/>
      <line num="1033" type="stmt" count="0"/>
      <line num="1036" type="stmt" count="0"/>
      <line num="1044" type="method" name="getFilterOptions" visibility="private" complexity="4" crap="20" count="0"/>
      <line num="1046" type="stmt" count="0"/>
      <line num="1047" type="stmt" count="0"/>
      <line num="1048" type="stmt" count="0"/>
      <line num="1049" type="stmt" count="0"/>
      <line num="1050" type="stmt" count="0"/>
      <line num="1051" type="stmt" count="0"/>
      <line num="1052" type="stmt" count="0"/>
      <line num="1054" type="stmt" count="0"/>
      <line num="1056" type="stmt" count="0"/>
      <line num="1057" type="stmt" count="0"/>
      <line num="1059" type="stmt" count="0"/>
      <line num="1060" type="stmt" count="0"/>
      <line num="1063" type="stmt" count="0"/>
      <line num="1064" type="stmt" count="0"/>
      <line num="1067" type="stmt" count="0"/>
      <line num="1068" type="stmt" count="0"/>
      <line num="1069" type="stmt" count="0"/>
      <line num="1070" type="stmt" count="0"/>
      <line num="1071" type="stmt" count="0"/>
      <line num="1072" type="stmt" count="0"/>
      <line num="1073" type="stmt" count="0"/>
      <line num="1076" type="stmt" count="0"/>
      <metrics loc="1079" ncloc="863" classes="1" methods="19" coveredmethods="0" conditionals="0" coveredconditionals="0" statements="667" coveredstatements="0" elements="686" coveredelements="0"/>
    </file>
    <file name="/Users/ruzevic/projects/infinum/wp/infobip/wp-content/plugins/eightshift-forms/src/AdminMenus/FormAdminTopBarMenu.php">
      <class name="EightshiftForms\AdminMenus\FormAdminTopBarMenu" namespace="global">
        <metrics complexity="14" methods="3" coveredmethods="0" conditionals="0" coveredconditionals="0" statements="99" coveredstatements="0" elements="102" coveredelements="0"/>
      </class>
      <line num="43" type="method" name="__construct" visibility="public" complexity="1" crap="2" count="0"/>
      <line num="45" type="stmt" count="0"/>
      <line num="53" type="method" name="register" visibility="public" complexity="1" crap="2" count="0"/>
      <line num="55" type="stmt" count="0"/>
      <line num="65" type="method" name="getTopBarMenu" visibility="public" complexity="12" crap="156" count="0"/>
      <line num="68" type="stmt" count="0"/>
      <line num="69" type="stmt" count="0"/>
      <line num="73" type="stmt" count="0"/>
      <line num="74" type="stmt" count="0"/>
      <line num="78" type="stmt" count="0"/>
      <line num="79" type="stmt" count="0"/>
      <line num="82" type="stmt" count="0"/>
      <line num="83" type="stmt" count="0"/>
      <line num="84" type="stmt" count="0"/>
      <line num="86" type="stmt" count="0"/>
      <line num="88" type="stmt" count="0"/>
      <line num="91" type="stmt" count="0"/>
      <line num="92" type="stmt" count="0"/>
      <line num="93" type="stmt" count="0"/>
      <line num="94" type="stmt" count="0"/>
      <line num="95" type="stmt" count="0"/>
      <line num="96" type="stmt" count="0"/>
      <line num="97" type="stmt" count="0"/>
      <line num="98" type="stmt" count="0"/>
      <line num="99" type="stmt" count="0"/>
      <line num="100" type="stmt" count="0"/>
      <line num="101" type="stmt" count="0"/>
      <line num="102" type="stmt" count="0"/>
      <line num="104" type="stmt" count="0"/>
      <line num="105" type="stmt" count="0"/>
      <line num="106" type="stmt" count="0"/>
      <line num="107" type="stmt" count="0"/>
      <line num="108" type="stmt" count="0"/>
      <line num="109" type="stmt" count="0"/>
      <line num="110" type="stmt" count="0"/>
      <line num="111" type="stmt" count="0"/>
      <line num="112" type="stmt" count="0"/>
      <line num="114" type="stmt" count="0"/>
      <line num="115" type="stmt" count="0"/>
      <line num="116" type="stmt" count="0"/>
      <line num="117" type="stmt" count="0"/>
      <line num="118" type="stmt" count="0"/>
      <line num="119" type="stmt" count="0"/>
      <line num="120" type="stmt" count="0"/>
      <line num="121" type="stmt" count="0"/>
      <line num="123" type="stmt" count="0"/>
      <line num="124" type="stmt" count="0"/>
      <line num="125" type="stmt" count="0"/>
      <line num="126" type="stmt" count="0"/>
      <line num="127" type="stmt" count="0"/>
      <line num="128" type="stmt" count="0"/>
      <line num="129" type="stmt" count="0"/>
      <line num="130" type="stmt" count="0"/>
      <line num="131" type="stmt" count="0"/>
      <line num="133" type="stmt" count="0"/>
      <line num="134" type="stmt" count="0"/>
      <line num="135" type="stmt" count="0"/>
      <line num="136" type="stmt" count="0"/>
      <line num="137" type="stmt" count="0"/>
      <line num="138" type="stmt" count="0"/>
      <line num="139" type="stmt" count="0"/>
      <line num="140" type="stmt" count="0"/>
      <line num="141" type="stmt" count="0"/>
      <line num="143" type="stmt" count="0"/>
      <line num="144" type="stmt" count="0"/>
      <line num="145" type="stmt" count="0"/>
      <line num="146" type="stmt" count="0"/>
      <line num="147" type="stmt" count="0"/>
      <line num="148" type="stmt" count="0"/>
      <line num="149" type="stmt" count="0"/>
      <line num="150" type="stmt" count="0"/>
      <line num="152" type="stmt" count="0"/>
      <line num="153" type="stmt" count="0"/>
      <line num="154" type="stmt" count="0"/>
      <line num="155" type="stmt" count="0"/>
      <line num="156" type="stmt" count="0"/>
      <line num="157" type="stmt" count="0"/>
      <line num="158" type="stmt" count="0"/>
      <line num="159" type="stmt" count="0"/>
      <line num="161" type="stmt" count="0"/>
      <line num="162" type="stmt" count="0"/>
      <line num="163" type="stmt" count="0"/>
      <line num="164" type="stmt" count="0"/>
      <line num="166" type="stmt" count="0"/>
      <line num="167" type="stmt" count="0"/>
      <line num="168" type="stmt" count="0"/>
      <line num="169" type="stmt" count="0"/>
      <line num="172" type="stmt" count="0"/>
      <line num="173" type="stmt" count="0"/>
      <line num="174" type="stmt" count="0"/>
      <line num="176" type="stmt" count="0"/>
      <line num="178" type="stmt" count="0"/>
      <line num="179" type="stmt" count="0"/>
      <line num="180" type="stmt" count="0"/>
      <line num="181" type="stmt" count="0"/>
      <line num="182" type="stmt" count="0"/>
      <line num="183" type="stmt" count="0"/>
      <line num="184" type="stmt" count="0"/>
      <line num="185" type="stmt" count="0"/>
      <line num="186" type="stmt" count="0"/>
      <line num="188" type="stmt" count="0"/>
      <line num="189" type="stmt" count="0"/>
      <metrics loc="196" ncloc="160" classes="1" methods="3" coveredmethods="0" conditionals="0" coveredconditionals="0" statements="99" coveredstatements="0" elements="102" coveredelements="0"/>
    </file>
    <file name="/Users/ruzevic/projects/infinum/wp/infobip/wp-content/plugins/eightshift-forms/src/AdminMenus/FormGlobalSettingsAdminSubMenu.php">
      <class name="EightshiftForms\AdminMenus\FormGlobalSettingsAdminSubMenu" namespace="global">
        <metrics complexity="12" methods="10" coveredmethods="0" conditionals="0" coveredconditionals="0" statements="32" coveredstatements="0" elements="42" coveredelements="0"/>
      </class>
      <line num="37" type="method" name="__construct" visibility="public" complexity="1" crap="2" count="0"/>
      <line num="39" type="stmt" count="0"/>
      <line num="47" type="method" name="register" visibility="public" complexity="1" crap="2" count="0"/>
      <line num="49" type="stmt" count="0"/>
      <line num="50" type="stmt" count="0"/>
      <line num="51" type="stmt" count="0"/>
      <line num="52" type="stmt" count="0"/>
      <line num="53" type="stmt" count="0"/>
      <line num="54" type="stmt" count="0"/>
      <line num="55" type="stmt" count="0"/>
      <line num="56" type="stmt" count="0"/>
      <line num="57" type="stmt" count="0"/>
      <line num="58" type="stmt" count="0"/>
      <line num="59" type="stmt" count="0"/>
      <line num="60" type="stmt" count="0"/>
      <line num="61" type="stmt" count="0"/>
      <line num="62" type="stmt" count="0"/>
      <line num="91" type="method" name="getTitle" visibility="protected" complexity="2" crap="6" count="0"/>
      <line num="93" type="stmt" count="0"/>
      <line num="96" type="stmt" count="0"/>
      <line num="104" type="method" name="getMenuTitle" visibility="protected" complexity="1" crap="2" count="0"/>
      <line num="106" type="stmt" count="0"/>
      <line num="114" type="method" name="getCapability" visibility="protected" complexity="1" crap="2" count="0"/>
      <line num="116" type="stmt" count="0"/>
      <line num="126" type="method" name="getMenuSlug" visibility="protected" complexity="1" crap="2" count="0"/>
      <line num="128" type="stmt" count="0"/>
      <line num="136" type="method" name="getParentMenu" visibility="protected" complexity="1" crap="2" count="0"/>
      <line num="138" type="stmt" count="0"/>
      <line num="146" type="method" name="getViewComponent" visibility="protected" complexity="1" crap="2" count="0"/>
      <line num="148" type="stmt" count="0"/>
      <line num="159" type="method" name="render" visibility="public" complexity="1" crap="2" count="0"/>
      <line num="161" type="stmt" count="0"/>
      <line num="176" type="method" name="processAttributes" visibility="protected" complexity="2" crap="6" count="0"/>
      <line num="178" type="stmt" count="0"/>
      <line num="180" type="stmt" count="0"/>
      <line num="181" type="stmt" count="0"/>
      <line num="182" type="stmt" count="0"/>
      <line num="183" type="stmt" count="0"/>
      <line num="184" type="stmt" count="0"/>
      <line num="185" type="stmt" count="0"/>
      <line num="186" type="stmt" count="0"/>
      <line num="187" type="stmt" count="0"/>
      <metrics loc="190" ncloc="97" classes="1" methods="10" coveredmethods="0" conditionals="0" coveredconditionals="0" statements="32" coveredstatements="0" elements="42" coveredelements="0"/>
    </file>
    <file name="/Users/ruzevic/projects/infinum/wp/infobip/wp-content/plugins/eightshift-forms/src/AdminMenus/FormListingAdminSubMenu.php">
      <class name="EightshiftForms\AdminMenus\FormListingAdminSubMenu" namespace="global">
        <metrics complexity="11" methods="11" coveredmethods="0" conditionals="0" coveredconditionals="0" statements="35" coveredstatements="0" elements="46" coveredelements="0"/>
      </class>
      <line num="36" type="method" name="__construct" visibility="public" complexity="1" crap="2" count="0"/>
      <line num="38" type="stmt" count="0"/>
      <line num="46" type="method" name="register" visibility="public" complexity="1" crap="2" count="0"/>
      <line num="48" type="stmt" count="0"/>
      <line num="49" type="stmt" count="0"/>
      <line num="50" type="stmt" count="0"/>
      <line num="51" type="stmt" count="0"/>
      <line num="52" type="stmt" count="0"/>
      <line num="53" type="stmt" count="0"/>
      <line num="54" type="stmt" count="0"/>
      <line num="55" type="stmt" count="0"/>
      <line num="56" type="stmt" count="0"/>
      <line num="57" type="stmt" count="0"/>
      <line num="58" type="stmt" count="0"/>
      <line num="59" type="stmt" count="0"/>
      <line num="60" type="stmt" count="0"/>
      <line num="61" type="stmt" count="0"/>
      <line num="63" type="stmt" count="0"/>
      <line num="92" type="method" name="getTitle" visibility="protected" complexity="1" crap="2" count="0"/>
      <line num="94" type="stmt" count="0"/>
      <line num="102" type="method" name="getMenuTitle" visibility="protected" complexity="1" crap="2" count="0"/>
      <line num="104" type="stmt" count="0"/>
      <line num="112" type="method" name="getCapability" visibility="protected" complexity="1" crap="2" count="0"/>
      <line num="114" type="stmt" count="0"/>
      <line num="124" type="method" name="getMenuSlug" visibility="protected" complexity="1" crap="2" count="0"/>
      <line num="126" type="stmt" count="0"/>
      <line num="134" type="method" name="getParentMenu" visibility="protected" complexity="1" crap="2" count="0"/>
      <line num="136" type="stmt" count="0"/>
      <line num="144" type="method" name="getViewComponent" visibility="protected" complexity="1" crap="2" count="0"/>
      <line num="146" type="stmt" count="0"/>
      <line num="157" type="method" name="render" visibility="public" complexity="1" crap="2" count="0"/>
      <line num="159" type="stmt" count="0"/>
      <line num="174" type="method" name="processAttributes" visibility="protected" complexity="1" crap="2" count="0"/>
      <line num="176" type="stmt" count="0"/>
      <line num="184" type="method" name="addCustomLinkIntoAppearanceMenu" visibility="public" complexity="1" crap="2" count="0"/>
      <line num="186" type="stmt" count="0"/>
      <line num="189" type="stmt" count="0"/>
      <line num="190" type="stmt" count="0"/>
      <line num="191" type="stmt" count="0"/>
      <line num="192" type="stmt" count="0"/>
      <line num="193" type="stmt" count="0"/>
      <line num="195" type="stmt" count="0"/>
      <line num="196" type="stmt" count="0"/>
      <line num="197" type="stmt" count="0"/>
      <line num="198" type="stmt" count="0"/>
      <line num="199" type="stmt" count="0"/>
      <metrics loc="203" ncloc="106" classes="1" methods="11" coveredmethods="0" conditionals="0" coveredconditionals="0" statements="35" coveredstatements="0" elements="46" coveredelements="0"/>
    </file>
    <file name="/Users/ruzevic/projects/infinum/wp/infobip/wp-content/plugins/eightshift-forms/src/AdminMenus/FormSettingsAdminSubMenu.php">
      <class name="EightshiftForms\AdminMenus\FormSettingsAdminSubMenu" namespace="global">
        <metrics complexity="22" methods="12" coveredmethods="0" conditionals="0" coveredconditionals="0" statements="53" coveredstatements="0" elements="65" coveredelements="0"/>
      </class>
      <line num="39" type="method" name="__construct" visibility="public" complexity="1" crap="2" count="0"/>
      <line num="41" type="stmt" count="0"/>
      <line num="49" type="method" name="register" visibility="public" complexity="1" crap="2" count="0"/>
      <line num="51" type="stmt" count="0"/>
      <line num="52" type="stmt" count="0"/>
      <line num="53" type="stmt" count="0"/>
      <line num="54" type="stmt" count="0"/>
      <line num="55" type="stmt" count="0"/>
      <line num="56" type="stmt" count="0"/>
      <line num="57" type="stmt" count="0"/>
      <line num="58" type="stmt" count="0"/>
      <line num="59" type="stmt" count="0"/>
      <line num="60" type="stmt" count="0"/>
      <line num="61" type="stmt" count="0"/>
      <line num="62" type="stmt" count="0"/>
      <line num="63" type="stmt" count="0"/>
      <line num="64" type="stmt" count="0"/>
      <line num="66" type="stmt" count="0"/>
      <line num="67" type="stmt" count="0"/>
      <line num="96" type="method" name="getTitle" visibility="protected" complexity="2" crap="6" count="0"/>
      <line num="98" type="stmt" count="0"/>
      <line num="101" type="stmt" count="0"/>
      <line num="109" type="method" name="getMenuTitle" visibility="protected" complexity="1" crap="2" count="0"/>
      <line num="111" type="stmt" count="0"/>
      <line num="119" type="method" name="getCapability" visibility="protected" complexity="1" crap="2" count="0"/>
      <line num="121" type="stmt" count="0"/>
      <line num="131" type="method" name="getMenuSlug" visibility="protected" complexity="1" crap="2" count="0"/>
      <line num="133" type="stmt" count="0"/>
      <line num="141" type="method" name="getParentMenu" visibility="protected" complexity="1" crap="2" count="0"/>
      <line num="143" type="stmt" count="0"/>
      <line num="151" type="method" name="getViewComponent" visibility="protected" complexity="1" crap="2" count="0"/>
      <line num="153" type="stmt" count="0"/>
      <line num="164" type="method" name="render" visibility="public" complexity="1" crap="2" count="0"/>
      <line num="166" type="stmt" count="0"/>
      <line num="181" type="method" name="processAttributes" visibility="protected" complexity="7" crap="56" count="0"/>
      <line num="183" type="stmt" count="0"/>
      <line num="184" type="stmt" count="0"/>
      <line num="186" type="stmt" count="0"/>
      <line num="187" type="stmt" count="0"/>
      <line num="190" type="stmt" count="0"/>
      <line num="192" type="stmt" count="0"/>
      <line num="193" type="stmt" count="0"/>
      <line num="196" type="stmt" count="0"/>
      <line num="197" type="stmt" count="0"/>
      <line num="200" type="stmt" count="0"/>
      <line num="201" type="stmt" count="0"/>
      <line num="203" type="stmt" count="0"/>
      <line num="205" type="stmt" count="0"/>
      <line num="206" type="stmt" count="0"/>
      <line num="207" type="stmt" count="0"/>
      <line num="208" type="stmt" count="0"/>
      <line num="209" type="stmt" count="0"/>
      <line num="210" type="stmt" count="0"/>
      <line num="211" type="stmt" count="0"/>
      <line num="213" type="stmt" count="0"/>
      <line num="214" type="stmt" count="0"/>
      <line num="224" type="method" name="changeHighlightParent" visibility="public" complexity="2" crap="6" count="0"/>
      <line num="226" type="stmt" count="0"/>
      <line num="228" type="stmt" count="0"/>
      <line num="229" type="stmt" count="0"/>
      <line num="231" type="stmt" count="0"/>
      <line num="242" type="method" name="fixPageTitle" visibility="public" complexity="3" crap="12" count="0"/>
      <line num="244" type="stmt" count="0"/>
      <line num="245" type="stmt" count="0"/>
      <line num="248" type="stmt" count="0"/>
      <metrics loc="251" ncloc="137" classes="1" methods="12" coveredmethods="0" conditionals="0" coveredconditionals="0" statements="53" coveredstatements="0" elements="65" coveredelements="0"/>
    </file>
    <file name="/Users/ruzevic/projects/infinum/wp/infobip/wp-content/plugins/eightshift-forms/src/Blocks/Blocks.php">
      <class name="EightshiftForms\Blocks\Blocks" namespace="global">
        <metrics complexity="9" methods="3" coveredmethods="0" conditionals="0" coveredconditionals="0" statements="30" coveredstatements="0" elements="33" coveredelements="0"/>
      </class>
      <line num="31" type="method" name="register" visibility="public" complexity="1" crap="2" count="0"/>
      <line num="33" type="stmt" count="0"/>
      <line num="36" type="stmt" count="0"/>
      <line num="39" type="stmt" count="0"/>
      <line num="51" type="method" name="getAllBlocksList" visibility="public" complexity="7" crap="56" count="0"/>
      <line num="55" type="stmt" count="0"/>
      <line num="56" type="stmt" count="0"/>
      <line num="57" type="stmt" count="0"/>
      <line num="59" type="stmt" count="0"/>
      <line num="62" type="stmt" count="0"/>
      <line num="63" type="stmt" count="0"/>
      <line num="67" type="stmt" count="0"/>
      <line num="68" type="stmt" count="0"/>
      <line num="72" type="stmt" count="0"/>
      <line num="73" type="stmt" count="0"/>
      <line num="74" type="stmt" count="0"/>
      <line num="77" type="stmt" count="0"/>
      <line num="92" type="method" name="getCustomCategory" visibility="public" complexity="1" crap="2" count="0"/>
      <line num="94" type="stmt" count="0"/>
      <line num="95" type="stmt" count="0"/>
      <line num="96" type="stmt" count="0"/>
      <line num="97" type="stmt" count="0"/>
      <line num="98" type="stmt" count="0"/>
      <line num="99" type="stmt" count="0"/>
      <line num="100" type="stmt" count="0"/>
      <line num="101" type="stmt" count="0"/>
      <line num="102" type="stmt" count="0"/>
      <line num="103" type="stmt" count="0"/>
      <line num="104" type="stmt" count="0"/>
      <line num="105" type="stmt" count="0"/>
      <line num="106" type="stmt" count="0"/>
      <line num="107" type="stmt" count="0"/>
      <line num="108" type="stmt" count="0"/>
      <metrics loc="111" ncloc="71" classes="1" methods="3" coveredmethods="0" conditionals="0" coveredconditionals="0" statements="30" coveredstatements="0" elements="33" coveredelements="0"/>
    </file>
    <file name="/Users/ruzevic/projects/infinum/wp/infobip/wp-content/plugins/eightshift-forms/src/Blocks/SettingsBlocks.php">
      <class name="EightshiftForms\Blocks\SettingsBlocks" namespace="global">
        <metrics complexity="33" methods="7" coveredmethods="0" conditionals="0" coveredconditionals="0" statements="290" coveredstatements="0" elements="297" coveredelements="0"/>
      </class>
      <line num="94" type="method" name="__construct" visibility="public" complexity="1" crap="2" count="0"/>
      <line num="98" type="stmt" count="0"/>
      <line num="99" type="stmt" count="0"/>
      <line num="107" type="method" name="register" visibility="public" complexity="1" crap="2" count="0"/>
      <line num="109" type="stmt" count="0"/>
      <line num="110" type="stmt" count="0"/>
      <line num="111" type="stmt" count="0"/>
      <line num="121" type="method" name="getSettingsData" visibility="public" complexity="3" crap="12" count="0"/>
      <line num="123" type="stmt" count="0"/>
      <line num="124" type="stmt" count="0"/>
      <line num="126" type="stmt" count="0"/>
      <line num="127" type="stmt" count="0"/>
      <line num="128" type="stmt" count="0"/>
      <line num="129" type="stmt" count="0"/>
      <line num="130" type="stmt" count="0"/>
      <line num="131" type="stmt" count="0"/>
      <line num="132" type="stmt" count="0"/>
      <line num="133" type="stmt" count="0"/>
      <line num="134" type="stmt" count="0"/>
      <line num="135" type="stmt" count="0"/>
      <line num="136" type="stmt" count="0"/>
      <line num="137" type="stmt" count="0"/>
      <line num="138" type="stmt" count="0"/>
      <line num="139" type="stmt" count="0"/>
      <line num="140" type="stmt" count="0"/>
      <line num="141" type="stmt" count="0"/>
      <line num="142" type="stmt" count="0"/>
      <line num="143" type="stmt" count="0"/>
      <line num="144" type="stmt" count="0"/>
      <line num="145" type="stmt" count="0"/>
      <line num="146" type="stmt" count="0"/>
      <line num="147" type="stmt" count="0"/>
      <line num="148" type="stmt" count="0"/>
      <line num="149" type="stmt" count="0"/>
      <line num="150" type="stmt" count="0"/>
      <line num="151" type="stmt" count="0"/>
      <line num="152" type="stmt" count="0"/>
      <line num="153" type="stmt" count="0"/>
      <line num="154" type="stmt" count="0"/>
      <line num="155" type="stmt" count="0"/>
      <line num="156" type="stmt" count="0"/>
      <line num="157" type="stmt" count="0"/>
      <line num="158" type="stmt" count="0"/>
      <line num="159" type="stmt" count="0"/>
      <line num="160" type="stmt" count="0"/>
      <line num="161" type="stmt" count="0"/>
      <line num="162" type="stmt" count="0"/>
      <line num="163" type="stmt" count="0"/>
      <line num="164" type="stmt" count="0"/>
      <line num="165" type="stmt" count="0"/>
      <line num="166" type="stmt" count="0"/>
      <line num="167" type="stmt" count="0"/>
      <line num="168" type="stmt" count="0"/>
      <line num="169" type="stmt" count="0"/>
      <line num="170" type="stmt" count="0"/>
      <line num="171" type="stmt" count="0"/>
      <line num="172" type="stmt" count="0"/>
      <line num="173" type="stmt" count="0"/>
      <line num="174" type="stmt" count="0"/>
      <line num="175" type="stmt" count="0"/>
      <line num="176" type="stmt" count="0"/>
      <line num="177" type="stmt" count="0"/>
      <line num="178" type="stmt" count="0"/>
      <line num="179" type="stmt" count="0"/>
      <line num="180" type="stmt" count="0"/>
      <line num="181" type="stmt" count="0"/>
      <line num="182" type="stmt" count="0"/>
      <line num="183" type="stmt" count="0"/>
      <line num="184" type="stmt" count="0"/>
      <line num="185" type="stmt" count="0"/>
      <line num="186" type="stmt" count="0"/>
      <line num="187" type="stmt" count="0"/>
      <line num="188" type="stmt" count="0"/>
      <line num="189" type="stmt" count="0"/>
      <line num="190" type="stmt" count="0"/>
      <line num="191" type="stmt" count="0"/>
      <line num="192" type="stmt" count="0"/>
      <line num="193" type="stmt" count="0"/>
      <line num="194" type="stmt" count="0"/>
      <line num="195" type="stmt" count="0"/>
      <line num="196" type="stmt" count="0"/>
      <line num="197" type="stmt" count="0"/>
      <line num="198" type="stmt" count="0"/>
      <line num="199" type="stmt" count="0"/>
      <line num="200" type="stmt" count="0"/>
      <line num="201" type="stmt" count="0"/>
      <line num="202" type="stmt" count="0"/>
      <line num="203" type="stmt" count="0"/>
      <line num="204" type="stmt" count="0"/>
      <line num="205" type="stmt" count="0"/>
      <line num="206" type="stmt" count="0"/>
      <line num="207" type="stmt" count="0"/>
      <line num="208" type="stmt" count="0"/>
      <line num="209" type="stmt" count="0"/>
      <line num="210" type="stmt" count="0"/>
      <line num="211" type="stmt" count="0"/>
      <line num="212" type="stmt" count="0"/>
      <line num="213" type="stmt" count="0"/>
      <line num="214" type="stmt" count="0"/>
      <line num="215" type="stmt" count="0"/>
      <line num="216" type="stmt" count="0"/>
      <line num="217" type="stmt" count="0"/>
      <line num="218" type="stmt" count="0"/>
      <line num="219" type="stmt" count="0"/>
      <line num="220" type="stmt" count="0"/>
      <line num="221" type="stmt" count="0"/>
      <line num="222" type="stmt" count="0"/>
      <line num="223" type="stmt" count="0"/>
      <line num="231" type="method" name="getSettingsGlobalData" visibility="public" complexity="2" crap="6" count="0"/>
      <line num="233" type="stmt" count="0"/>
      <line num="235" type="stmt" count="0"/>
      <line num="236" type="stmt" count="0"/>
      <line num="237" type="stmt" count="0"/>
      <line num="238" type="stmt" count="0"/>
      <line num="239" type="stmt" count="0"/>
      <line num="240" type="stmt" count="0"/>
      <line num="241" type="stmt" count="0"/>
      <line num="242" type="stmt" count="0"/>
      <line num="243" type="stmt" count="0"/>
      <line num="244" type="stmt" count="0"/>
      <line num="245" type="stmt" count="0"/>
      <line num="246" type="stmt" count="0"/>
      <line num="247" type="stmt" count="0"/>
      <line num="248" type="stmt" count="0"/>
      <line num="249" type="stmt" count="0"/>
      <line num="250" type="stmt" count="0"/>
      <line num="251" type="stmt" count="0"/>
      <line num="252" type="stmt" count="0"/>
      <line num="253" type="stmt" count="0"/>
      <line num="254" type="stmt" count="0"/>
      <line num="255" type="stmt" count="0"/>
      <line num="256" type="stmt" count="0"/>
      <line num="257" type="stmt" count="0"/>
      <line num="258" type="stmt" count="0"/>
      <line num="259" type="stmt" count="0"/>
      <line num="260" type="stmt" count="0"/>
      <line num="261" type="stmt" count="0"/>
      <line num="262" type="stmt" count="0"/>
      <line num="263" type="stmt" count="0"/>
      <line num="264" type="stmt" count="0"/>
      <line num="265" type="stmt" count="0"/>
      <line num="266" type="stmt" count="0"/>
      <line num="267" type="stmt" count="0"/>
      <line num="268" type="stmt" count="0"/>
      <line num="269" type="stmt" count="0"/>
      <line num="270" type="stmt" count="0"/>
      <line num="271" type="stmt" count="0"/>
      <line num="272" type="stmt" count="0"/>
      <line num="273" type="stmt" count="0"/>
      <line num="274" type="stmt" count="0"/>
      <line num="275" type="stmt" count="0"/>
      <line num="276" type="stmt" count="0"/>
      <line num="277" type="stmt" count="0"/>
      <line num="278" type="stmt" count="0"/>
      <line num="279" type="stmt" count="0"/>
      <line num="280" type="stmt" count="0"/>
      <line num="281" type="stmt" count="0"/>
      <line num="282" type="stmt" count="0"/>
      <line num="283" type="stmt" count="0"/>
      <line num="284" type="stmt" count="0"/>
      <line num="285" type="stmt" count="0"/>
      <line num="286" type="stmt" count="0"/>
      <line num="287" type="stmt" count="0"/>
      <line num="288" type="stmt" count="0"/>
      <line num="289" type="stmt" count="0"/>
      <line num="290" type="stmt" count="0"/>
      <line num="291" type="stmt" count="0"/>
      <line num="292" type="stmt" count="0"/>
      <line num="293" type="stmt" count="0"/>
      <line num="294" type="stmt" count="0"/>
      <line num="295" type="stmt" count="0"/>
      <line num="296" type="stmt" count="0"/>
      <line num="297" type="stmt" count="0"/>
      <line num="298" type="stmt" count="0"/>
      <line num="299" type="stmt" count="0"/>
      <line num="300" type="stmt" count="0"/>
      <line num="301" type="stmt" count="0"/>
      <line num="302" type="stmt" count="0"/>
      <line num="303" type="stmt" count="0"/>
      <line num="304" type="stmt" count="0"/>
      <line num="305" type="stmt" count="0"/>
      <line num="306" type="stmt" count="0"/>
      <line num="307" type="stmt" count="0"/>
      <line num="308" type="stmt" count="0"/>
      <line num="318" type="method" name="getCountryDatasetValue" visibility="public" complexity="4" crap="20" count="0"/>
      <line num="320" type="stmt" count="0"/>
      <line num="321" type="stmt" count="0"/>
      <line num="323" type="stmt" count="0"/>
      <line num="326" type="stmt" count="0"/>
      <line num="327" type="stmt" count="0"/>
      <line num="329" type="stmt" count="0"/>
      <line num="332" type="stmt" count="0"/>
      <line num="334" type="stmt" count="0"/>
      <line num="335" type="stmt" count="0"/>
      <line num="336" type="stmt" count="0"/>
      <line num="339" type="stmt" count="0"/>
      <line num="340" type="stmt" count="0"/>
      <line num="341" type="stmt" count="0"/>
      <line num="342" type="stmt" count="0"/>
      <line num="343" type="stmt" count="0"/>
      <line num="344" type="stmt" count="0"/>
      <line num="345" type="stmt" count="0"/>
      <line num="346" type="stmt" count="0"/>
      <line num="347" type="stmt" count="0"/>
      <line num="348" type="stmt" count="0"/>
      <line num="349" type="stmt" count="0"/>
      <line num="359" type="method" name="getCountriesDataSet" visibility="private" complexity="19" crap="380" count="0"/>
      <line num="361" type="stmt" count="0"/>
      <line num="364" type="stmt" count="0"/>
      <line num="365" type="stmt" count="0"/>
      <line num="368" type="stmt" count="0"/>
      <line num="369" type="stmt" count="0"/>
      <line num="371" type="stmt" count="0"/>
      <line num="372" type="stmt" count="0"/>
      <line num="373" type="stmt" count="0"/>
      <line num="374" type="stmt" count="0"/>
      <line num="375" type="stmt" count="0"/>
      <line num="376" type="stmt" count="0"/>
      <line num="377" type="stmt" count="0"/>
      <line num="378" type="stmt" count="0"/>
      <line num="379" type="stmt" count="0"/>
      <line num="380" type="stmt" count="0"/>
      <line num="381" type="stmt" count="0"/>
      <line num="382" type="stmt" count="0"/>
      <line num="383" type="stmt" count="0"/>
      <line num="384" type="stmt" count="0"/>
      <line num="385" type="stmt" count="0"/>
      <line num="386" type="stmt" count="0"/>
      <line num="388" type="stmt" count="0"/>
      <line num="389" type="stmt" count="0"/>
      <line num="390" type="stmt" count="0"/>
      <line num="391" type="stmt" count="0"/>
      <line num="394" type="stmt" count="0"/>
      <line num="396" type="stmt" count="0"/>
      <line num="397" type="stmt" count="0"/>
      <line num="398" type="stmt" count="0"/>
      <line num="399" type="stmt" count="0"/>
      <line num="400" type="stmt" count="0"/>
      <line num="401" type="stmt" count="0"/>
      <line num="402" type="stmt" count="0"/>
      <line num="404" type="stmt" count="0"/>
      <line num="405" type="stmt" count="0"/>
      <line num="408" type="stmt" count="0"/>
      <line num="410" type="stmt" count="0"/>
      <line num="411" type="stmt" count="0"/>
      <line num="412" type="stmt" count="0"/>
      <line num="413" type="stmt" count="0"/>
      <line num="414" type="stmt" count="0"/>
      <line num="416" type="stmt" count="0"/>
      <line num="418" type="stmt" count="0"/>
      <line num="419" type="stmt" count="0"/>
      <line num="422" type="stmt" count="0"/>
      <line num="423" type="stmt" count="0"/>
      <line num="427" type="stmt" count="0"/>
      <line num="428" type="stmt" count="0"/>
      <line num="432" type="stmt" count="0"/>
      <line num="433" type="stmt" count="0"/>
      <line num="434" type="stmt" count="0"/>
      <line num="438" type="stmt" count="0"/>
      <line num="442" type="stmt" count="0"/>
      <line num="446" type="stmt" count="0"/>
      <line num="447" type="stmt" count="0"/>
      <line num="448" type="stmt" count="0"/>
      <line num="449" type="stmt" count="0"/>
      <line num="451" type="stmt" count="0"/>
      <line num="454" type="stmt" count="0"/>
      <line num="455" type="stmt" count="0"/>
      <line num="458" type="stmt" count="0"/>
      <line num="459" type="stmt" count="0"/>
      <line num="460" type="stmt" count="0"/>
      <line num="461" type="stmt" count="0"/>
      <line num="462" type="stmt" count="0"/>
      <line num="463" type="stmt" count="0"/>
      <line num="464" type="stmt" count="0"/>
      <line num="465" type="stmt" count="0"/>
      <line num="466" type="stmt" count="0"/>
      <line num="467" type="stmt" count="0"/>
      <line num="468" type="stmt" count="0"/>
      <line num="469" type="stmt" count="0"/>
      <line num="470" type="stmt" count="0"/>
      <line num="471" type="stmt" count="0"/>
      <line num="482" type="method" name="getCountrySettingsList" visibility="private" complexity="3" crap="12" count="0"/>
      <line num="484" type="stmt" count="0"/>
      <line num="485" type="stmt" count="0"/>
      <line num="486" type="stmt" count="0"/>
      <line num="487" type="stmt" count="0"/>
      <line num="489" type="stmt" count="0"/>
      <line num="490" type="stmt" count="0"/>
      <line num="493" type="stmt" count="0"/>
      <line num="494" type="stmt" count="0"/>
      <line num="495" type="stmt" count="0"/>
      <line num="496" type="stmt" count="0"/>
      <line num="497" type="stmt" count="0"/>
      <line num="498" type="stmt" count="0"/>
      <line num="499" type="stmt" count="0"/>
      <line num="500" type="stmt" count="0"/>
      <line num="501" type="stmt" count="0"/>
      <metrics loc="504" ncloc="415" classes="1" methods="7" coveredmethods="0" conditionals="0" coveredconditionals="0" statements="290" coveredstatements="0" elements="297" coveredelements="0"/>
    </file>
    <file name="/Users/ruzevic/projects/infinum/wp/infobip/wp-content/plugins/eightshift-forms/src/Cache/ManifestCache.php">
      <class name="EightshiftForms\Cache\ManifestCache" namespace="global">
        <metrics complexity="5" methods="4" coveredmethods="0" conditionals="0" coveredconditionals="0" statements="20" coveredstatements="0" elements="24" coveredelements="0"/>
      </class>
      <line num="51" type="method" name="getCacheName" visibility="public" complexity="1" crap="2" count="0"/>
      <line num="53" type="stmt" count="0"/>
      <line num="61" type="method" name="getVersion" visibility="public" complexity="1" crap="2" count="0"/>
      <line num="63" type="stmt" count="0"/>
      <line num="73" type="method" name="setProjectCache" visibility="public" complexity="2" crap="6" count="0"/>
      <line num="75" type="stmt" count="0"/>
      <line num="77" type="stmt" count="0"/>
      <line num="78" type="stmt" count="0"/>
      <line num="87" type="method" name="getCacheBuilder" visibility="protected" complexity="1" crap="2" count="0"/>
      <line num="89" type="stmt" count="0"/>
      <line num="91" type="stmt" count="0"/>
      <line num="92" type="stmt" count="0"/>
      <line num="93" type="stmt" count="0"/>
      <line num="94" type="stmt" count="0"/>
      <line num="95" type="stmt" count="0"/>
      <line num="96" type="stmt" count="0"/>
      <line num="97" type="stmt" count="0"/>
      <line num="98" type="stmt" count="0"/>
      <line num="99" type="stmt" count="0"/>
      <line num="100" type="stmt" count="0"/>
      <line num="101" type="stmt" count="0"/>
      <line num="102" type="stmt" count="0"/>
      <line num="103" type="stmt" count="0"/>
      <line num="104" type="stmt" count="0"/>
      <metrics loc="107" ncloc="60" classes="1" methods="4" coveredmethods="0" conditionals="0" coveredconditionals="0" statements="20" coveredstatements="0" elements="24" coveredelements="0"/>
    </file>
    <file name="/Users/ruzevic/projects/infinum/wp/infobip/wp-content/plugins/eightshift-forms/src/Cache/SettingsCache.php">
      <class name="EightshiftForms\Cache\SettingsCache" namespace="global">
        <metrics complexity="8" methods="2" coveredmethods="0" conditionals="0" coveredconditionals="0" statements="124" coveredstatements="0" elements="126" coveredelements="0"/>
      </class>
      <line num="50" type="method" name="register" visibility="public" complexity="1" crap="2" count="0"/>
      <line num="52" type="stmt" count="0"/>
      <line num="60" type="method" name="getSettingsGlobalData" visibility="public" complexity="7" crap="56" count="0"/>
      <line num="62" type="stmt" count="0"/>
      <line num="64" type="stmt" count="0"/>
      <line num="65" type="stmt" count="0"/>
      <line num="66" type="stmt" count="0"/>
      <line num="68" type="stmt" count="0"/>
      <line num="69" type="stmt" count="0"/>
      <line num="71" type="stmt" count="0"/>
      <line num="72" type="stmt" count="0"/>
      <line num="73" type="stmt" count="0"/>
      <line num="74" type="stmt" count="0"/>
      <line num="75" type="stmt" count="0"/>
      <line num="76" type="stmt" count="0"/>
      <line num="77" type="stmt" count="0"/>
      <line num="78" type="stmt" count="0"/>
      <line num="79" type="stmt" count="0"/>
      <line num="80" type="stmt" count="0"/>
      <line num="81" type="stmt" count="0"/>
      <line num="82" type="stmt" count="0"/>
      <line num="83" type="stmt" count="0"/>
      <line num="84" type="stmt" count="0"/>
      <line num="85" type="stmt" count="0"/>
      <line num="86" type="stmt" count="0"/>
      <line num="87" type="stmt" count="0"/>
      <line num="88" type="stmt" count="0"/>
      <line num="90" type="stmt" count="0"/>
      <line num="91" type="stmt" count="0"/>
      <line num="92" type="stmt" count="0"/>
      <line num="93" type="stmt" count="0"/>
      <line num="95" type="stmt" count="0"/>
      <line num="96" type="stmt" count="0"/>
      <line num="97" type="stmt" count="0"/>
      <line num="99" type="stmt" count="0"/>
      <line num="101" type="stmt" count="0"/>
      <line num="102" type="stmt" count="0"/>
      <line num="103" type="stmt" count="0"/>
      <line num="104" type="stmt" count="0"/>
      <line num="105" type="stmt" count="0"/>
      <line num="106" type="stmt" count="0"/>
      <line num="107" type="stmt" count="0"/>
      <line num="108" type="stmt" count="0"/>
      <line num="109" type="stmt" count="0"/>
      <line num="110" type="stmt" count="0"/>
      <line num="111" type="stmt" count="0"/>
      <line num="112" type="stmt" count="0"/>
      <line num="113" type="stmt" count="0"/>
      <line num="114" type="stmt" count="0"/>
      <line num="115" type="stmt" count="0"/>
      <line num="116" type="stmt" count="0"/>
      <line num="117" type="stmt" count="0"/>
      <line num="118" type="stmt" count="0"/>
      <line num="120" type="stmt" count="0"/>
      <line num="121" type="stmt" count="0"/>
      <line num="122" type="stmt" count="0"/>
      <line num="123" type="stmt" count="0"/>
      <line num="125" type="stmt" count="0"/>
      <line num="126" type="stmt" count="0"/>
      <line num="127" type="stmt" count="0"/>
      <line num="128" type="stmt" count="0"/>
      <line num="129" type="stmt" count="0"/>
      <line num="130" type="stmt" count="0"/>
      <line num="131" type="stmt" count="0"/>
      <line num="132" type="stmt" count="0"/>
      <line num="133" type="stmt" count="0"/>
      <line num="134" type="stmt" count="0"/>
      <line num="135" type="stmt" count="0"/>
      <line num="136" type="stmt" count="0"/>
      <line num="137" type="stmt" count="0"/>
      <line num="138" type="stmt" count="0"/>
      <line num="139" type="stmt" count="0"/>
      <line num="140" type="stmt" count="0"/>
      <line num="141" type="stmt" count="0"/>
      <line num="142" type="stmt" count="0"/>
      <line num="143" type="stmt" count="0"/>
      <line num="144" type="stmt" count="0"/>
      <line num="145" type="stmt" count="0"/>
      <line num="146" type="stmt" count="0"/>
      <line num="147" type="stmt" count="0"/>
      <line num="148" type="stmt" count="0"/>
      <line num="149" type="stmt" count="0"/>
      <line num="150" type="stmt" count="0"/>
      <line num="151" type="stmt" count="0"/>
      <line num="152" type="stmt" count="0"/>
      <line num="153" type="stmt" count="0"/>
      <line num="154" type="stmt" count="0"/>
      <line num="155" type="stmt" count="0"/>
      <line num="156" type="stmt" count="0"/>
      <line num="157" type="stmt" count="0"/>
      <line num="158" type="stmt" count="0"/>
      <line num="159" type="stmt" count="0"/>
      <line num="160" type="stmt" count="0"/>
      <line num="161" type="stmt" count="0"/>
      <line num="162" type="stmt" count="0"/>
      <line num="163" type="stmt" count="0"/>
      <line num="164" type="stmt" count="0"/>
      <line num="165" type="stmt" count="0"/>
      <line num="166" type="stmt" count="0"/>
      <line num="167" type="stmt" count="0"/>
      <line num="168" type="stmt" count="0"/>
      <line num="169" type="stmt" count="0"/>
      <line num="170" type="stmt" count="0"/>
      <line num="171" type="stmt" count="0"/>
      <line num="172" type="stmt" count="0"/>
      <line num="173" type="stmt" count="0"/>
      <line num="174" type="stmt" count="0"/>
      <line num="175" type="stmt" count="0"/>
      <line num="176" type="stmt" count="0"/>
      <line num="177" type="stmt" count="0"/>
      <line num="178" type="stmt" count="0"/>
      <line num="179" type="stmt" count="0"/>
      <line num="180" type="stmt" count="0"/>
      <line num="181" type="stmt" count="0"/>
      <line num="182" type="stmt" count="0"/>
      <line num="183" type="stmt" count="0"/>
      <line num="184" type="stmt" count="0"/>
      <line num="185" type="stmt" count="0"/>
      <line num="186" type="stmt" count="0"/>
      <line num="187" type="stmt" count="0"/>
      <line num="188" type="stmt" count="0"/>
      <line num="189" type="stmt" count="0"/>
      <line num="190" type="stmt" count="0"/>
      <line num="191" type="stmt" count="0"/>
      <line num="192" type="stmt" count="0"/>
      <line num="193" type="stmt" count="0"/>
      <metrics loc="196" ncloc="166" classes="1" methods="2" coveredmethods="0" conditionals="0" coveredconditionals="0" statements="124" coveredstatements="0" elements="126" coveredelements="0"/>
    </file>
    <file name="/Users/ruzevic/projects/infinum/wp/infobip/wp-content/plugins/eightshift-forms/src/Captcha/Captcha.php">
      <class name="EightshiftForms\Captcha\Captcha" namespace="global">
        <metrics complexity="17" methods="7" coveredmethods="0" conditionals="0" coveredconditionals="0" statements="119" coveredstatements="0" elements="126" coveredelements="0"/>
      </class>
      <line num="36" type="method" name="__construct" visibility="public" complexity="1" crap="2" count="0"/>
      <line num="38" type="stmt" count="0"/>
      <line num="50" type="method" name="check" visibility="public" complexity="6" crap="42" count="0"/>
      <line num="52" type="stmt" count="0"/>
      <line num="53" type="stmt" count="0"/>
      <line num="54" type="stmt" count="0"/>
      <line num="55" type="stmt" count="0"/>
      <line num="56" type="stmt" count="0"/>
      <line num="58" type="stmt" count="0"/>
      <line num="59" type="stmt" count="0"/>
      <line num="60" type="stmt" count="0"/>
      <line num="61" type="stmt" count="0"/>
      <line num="62" type="stmt" count="0"/>
      <line num="63" type="stmt" count="0"/>
      <line num="66" type="stmt" count="0"/>
      <line num="67" type="stmt" count="0"/>
      <line num="69" type="stmt" count="0"/>
      <line num="73" type="stmt" count="0"/>
      <line num="74" type="stmt" count="0"/>
      <line num="75" type="stmt" count="0"/>
      <line num="76" type="stmt" count="0"/>
      <line num="77" type="stmt" count="0"/>
      <line num="78" type="stmt" count="0"/>
      <line num="83" type="stmt" count="0"/>
      <line num="84" type="stmt" count="0"/>
      <line num="85" type="stmt" count="0"/>
      <line num="86" type="stmt" count="0"/>
      <line num="87" type="stmt" count="0"/>
      <line num="88" type="stmt" count="0"/>
      <line num="89" type="stmt" count="0"/>
      <line num="92" type="stmt" count="0"/>
      <line num="93" type="stmt" count="0"/>
      <line num="95" type="stmt" count="0"/>
      <line num="107" type="method" name="onEnterprise" visibility="private" complexity="1" crap="2" count="0"/>
      <line num="109" type="stmt" count="0"/>
      <line num="110" type="stmt" count="0"/>
      <line num="111" type="stmt" count="0"/>
      <line num="113" type="stmt" count="0"/>
      <line num="114" type="stmt" count="0"/>
      <line num="115" type="stmt" count="0"/>
      <line num="116" type="stmt" count="0"/>
      <line num="117" type="stmt" count="0"/>
      <line num="118" type="stmt" count="0"/>
      <line num="119" type="stmt" count="0"/>
      <line num="120" type="stmt" count="0"/>
      <line num="121" type="stmt" count="0"/>
      <line num="122" type="stmt" count="0"/>
      <line num="123" type="stmt" count="0"/>
      <line num="124" type="stmt" count="0"/>
      <line num="125" type="stmt" count="0"/>
      <line num="126" type="stmt" count="0"/>
      <line num="127" type="stmt" count="0"/>
      <line num="128" type="stmt" count="0"/>
      <line num="138" type="method" name="onFree" visibility="private" complexity="1" crap="2" count="0"/>
      <line num="140" type="stmt" count="0"/>
      <line num="142" type="stmt" count="0"/>
      <line num="143" type="stmt" count="0"/>
[...]
      <line num="153" type="stmt" count="0"/>
      <line num="154" type="stmt" count="0"/>
      <line num="157" type="stmt" count="0"/>
      <line num="158" type="stmt" count="0"/>
      <line num="161" type="stmt" count="0"/>
      <line num="162" type="stmt" count="0"/>
      <line num="163" type="stmt" count="0"/>
      <line num="168" type="stmt" count="0"/>
      <line num="171" type="stmt" count="0"/>
      <line num="172" type="stmt" count="0"/>
      <line num="176" type="stmt" count="0"/>
      <line num="177" type="stmt" count="0"/>
      <line num="178" type="stmt" count="0"/>
      <line num="181" type="stmt" count="0"/>
      <line num="182" type="stmt" count="0"/>
      <line num="183" type="stmt" count="0"/>
      <line num="185" type="stmt" count="0"/>
      <line num="186" type="stmt" count="0"/>
      <line num="187" type="stmt" count="0"/>
      <line num="191" type="stmt" count="0"/>
      <line num="192" type="stmt" count="0"/>
      <line num="193" type="stmt" count="0"/>
      <line num="194" type="stmt" count="0"/>
      <line num="195" type="stmt" count="0"/>
      <line num="199" type="stmt" count="0"/>
      <line num="200" type="stmt" count="0"/>
      <line num="201" type="stmt" count="0"/>
      <line num="204" type="stmt" count="0"/>
      <line num="207" type="stmt" count="0"/>
      <line num="208" type="stmt" count="0"/>
      <line num="212" type="stmt" count="0"/>
      <line num="213" type="stmt" count="0"/>
      <line num="214" type="stmt" count="0"/>
      <line num="220" type="stmt" count="0"/>
      <line num="221" type="stmt" count="0"/>
      <line num="222" type="stmt" count="0"/>
      <line num="227" type="stmt" count="0"/>
      <line num="228" type="stmt" count="0"/>
      <line num="229" type="stmt" count="0"/>
      <line num="230" type="stmt" count="0"/>
      <line num="233" type="stmt" count="0"/>
      <line num="234" type="stmt" count="0"/>
      <line num="237" type="stmt" count="0"/>
      <line num="239" type="stmt" count="0"/>
      <line num="240" type="stmt" count="0"/>
      <line num="241" type="stmt" count="0"/>
      <line num="243" type="stmt" count="0"/>
      <line num="245" type="stmt" count="0"/>
      <line num="246" type="stmt" count="0"/>
      <line num="247" type="stmt" count="0"/>
      <line num="249" type="stmt" count="0"/>
      <line num="250" type="stmt" count="0"/>
      <line num="251" type="stmt" count="0"/>
      <line num="255" type="stmt" count="0"/>
      <line num="256" type="stmt" count="0"/>
      <line num="257" type="stmt" count="0"/>
      <line num="258" type="stmt" count="0"/>
      <line num="260" type="stmt" count="0"/>
      <line num="262" type="stmt" count="0"/>
      <line num="263" type="stmt" count="0"/>
      <line num="264" type="stmt" count="0"/>
      <line num="266" type="stmt" count="0"/>
      <line num="268" type="stmt" count="0"/>
      <line num="269" type="stmt" count="0"/>
      <line num="270" type="stmt" count="0"/>
      <line num="272" type="stmt" count="0"/>
      <line num="274" type="stmt" count="0"/>
      <line num="275" type="stmt" count="0"/>
      <line num="276" type="stmt" count="0"/>
      <line num="278" type="stmt" count="0"/>
      <line num="280" type="stmt" count="0"/>
      <line num="281" type="stmt" count="0"/>
      <line num="282" type="stmt" count="0"/>
      <line num="284" type="stmt" count="0"/>
      <line num="286" type="stmt" count="0"/>
      <line num="287" type="stmt" count="0"/>
      <line num="288" type="stmt" count="0"/>
      <line num="290" type="stmt" count="0"/>
      <line num="292" type="stmt" count="0"/>
      <line num="293" type="stmt" count="0"/>
      <line num="294" type="stmt" count="0"/>
      <line num="296" type="stmt" count="0"/>
      <line num="298" type="stmt" count="0"/>
      <line num="299" type="stmt" count="0"/>
      <line num="300" type="stmt" count="0"/>
      <line num="302" type="stmt" count="0"/>
      <line num="303" type="stmt" count="0"/>
      <line num="304" type="stmt" count="0"/>
      <line num="305" type="stmt" count="0"/>
      <line num="308" type="stmt" count="0"/>
      <line num="310" type="stmt" count="0"/>
      <line num="311" type="stmt" count="0"/>
      <line num="313" type="stmt" count="0"/>
      <line num="314" type="stmt" count="0"/>
      <line num="317" type="stmt" count="0"/>
      <line num="319" type="stmt" count="0"/>
      <line num="321" type="stmt" count="0"/>
      <line num="322" type="stmt" count="0"/>
      <line num="324" type="stmt" count="0"/>
      <line num="325" type="stmt" count="0"/>
      <line num="328" type="stmt" count="0"/>
      <line num="332" type="stmt" count="0"/>
      <line num="333" type="stmt" count="0"/>
      <line num="335" type="stmt" count="0"/>
      <line num="336" type="stmt" count="0"/>
      <line num="337" type="stmt" count="0"/>
      <line num="338" type="stmt" count="0"/>
      <line num="341" type="stmt" count="0"/>
      <line num="344" type="stmt" count="0"/>
      <line num="349" type="stmt" count="0"/>
      <line num="359" type="method" name="validateFiles" visibility="public" complexity="10" crap="110" count="0"/>
      <line num="361" type="stmt" count="0"/>
      <line num="362" type="stmt" count="0"/>
      <line num="363" type="stmt" count="0"/>
      <line num="364" type="stmt" count="0"/>
      <line num="365" type="stmt" count="0"/>
      <line num="367" type="stmt" count="0"/>
      <line num="368" type="stmt" count="0"/>
      <line num="370" type="stmt" count="0"/>
      <line num="371" type="stmt" count="0"/>
      <line num="374" type="stmt" count="0"/>
      <line num="377" type="stmt" count="0"/>
      <line num="378" type="stmt" count="0"/>
      <line num="379" type="stmt" count="0"/>
      <line num="383" type="stmt" count="0"/>
      <line num="384" type="stmt" count="0"/>
      <line num="385" type="stmt" count="0"/>
      <line num="387" type="stmt" count="0"/>
      <line num="388" type="stmt" count="0"/>
      <line num="390" type="stmt" count="0"/>
      <line num="391" type="stmt" count="0"/>
      <line num="392" type="stmt" count="0"/>
      <line num="393" type="stmt" count="0"/>
      <line num="395" type="stmt" count="0"/>
      <line num="396" type="stmt" count="0"/>
      <line num="397" type="stmt" count="0"/>
      <line num="398" type="stmt" count="0"/>
      <line num="400" type="stmt" count="0"/>
      <line num="404" type="stmt" count="0"/>
      <line num="415" type="method" name="validateFormManadatoryProperies" visibility="public" complexity="21" crap="462" count="0"/>
      <line num="417" type="stmt" count="0"/>
      <line num="418" type="stmt" count="0"/>
      <line num="419" type="stmt" count="0"/>
      <line num="420" type="stmt" count="0"/>
      <line num="421" type="stmt" count="0"/>
      <line num="423" type="stmt" count="0"/>
      <line num="424" type="stmt" count="0"/>
      <line num="428" type="stmt" count="0"/>
      <line num="429" type="stmt" count="0"/>
      <line num="430" type="stmt" count="0"/>
      <line num="431" type="stmt" count="0"/>
      <line num="432" type="stmt" count="0"/>
      <line num="433" type="stmt" count="0"/>
      <line num="435" type="stmt" count="0"/>
      <line num="436" type="stmt" count="0"/>
      <line num="437" type="stmt" count="0"/>
      <line num="438" type="stmt" count="0"/>
      <line num="439" type="stmt" count="0"/>
      <line num="440" type="stmt" count="0"/>
      <line num="441" type="stmt" count="0"/>
      <line num="443" type="stmt" count="0"/>
      <line num="444" type="stmt" count="0"/>
      <line num="445" type="stmt" count="0"/>
      <line num="446" type="stmt" count="0"/>
      <line num="448" type="stmt" count="0"/>
      <line num="450" type="stmt" count="0"/>
      <line num="451" type="stmt" count="0"/>
      <line num="453" type="stmt" count="0"/>
      <line num="465" type="method" name="getValidationLabelItems" visibility="public" complexity="1" crap="2" count="0"/>
      <line num="467" type="stmt" count="0"/>
      <line num="468" type="stmt" count="0"/>
      <line num="469" type="stmt" count="0"/>
      <line num="470" type="stmt" count="0"/>
      <line num="471" type="stmt" count="0"/>
      <line num="472" type="stmt" count="0"/>
      <line num="483" type="method" name="getValidationLabel" visibility="private" complexity="4" crap="20" count="0"/>
      <line num="485" type="stmt" count="0"/>
      <line num="488" type="stmt" count="0"/>
      <line num="489" type="stmt" count="0"/>
      <line num="492" type="stmt" count="0"/>
      <line num="493" type="stmt" count="0"/>
      <line num="495" type="stmt" count="0"/>
      <line num="498" type="stmt" count="0"/>
      <line num="508" type="method" name="getValidationReference" visibility="private" complexity="3" crap="12" count="0"/>
      <line num="510" type="stmt" count="0"/>
      <line num="513" type="stmt" count="0"/>
      <line num="514" type="stmt" count="0"/>
      <line num="516" type="stmt" count="0"/>
      <line num="517" type="stmt" count="0"/>
      <line num="521" type="stmt" count="0"/>
      <line num="531" type="method" name="getValidationReferenceInner" visibility="private" complexity="7" crap="56" count="0"/>
      <line num="533" type="stmt" count="0"/>
      <line num="535" type="stmt" count="0"/>
      <line num="537" type="stmt" count="0"/>
      <line num="538" type="stmt" count="0"/>
      <line num="540" type="stmt" count="0"/>
      <line num="541" type="stmt" count="0"/>
      <line num="544" type="stmt" count="0"/>
      <line num="545" type="stmt" count="0"/>
      <line num="546" type="stmt" count="0"/>
      <line num="549" type="stmt" count="0"/>
      <line num="550" type="stmt" count="0"/>
      <line num="551" type="stmt" count="0"/>
      <line num="552" type="stmt" count="0"/>
      <line num="553" type="stmt" count="0"/>
      <line num="554" type="stmt" count="0"/>
      <line num="555" type="stmt" count="0"/>
      <line num="556" type="stmt" count="0"/>
      <line num="559" type="stmt" count="0"/>
      <line num="560" type="stmt" count="0"/>
      <line num="564" type="stmt" count="0"/>
      <line num="574" type="method" name="flattenValidationReferenceManual" visibility="private" complexity="6" crap="42" count="0"/>
      <line num="576" type="stmt" count="0"/>
      <line num="578" type="stmt" count="0"/>
      <line num="579" type="stmt" count="0"/>
      <line num="581" type="stmt" count="0"/>
      <line num="582" type="stmt" count="0"/>
      <line num="585" type="stmt" count="0"/>
      <line num="587" type="stmt" count="0"/>
      <line num="590" type="stmt" count="0"/>
      <line num="592" type="stmt" count="0"/>
      <line num="593" type="stmt" count="0"/>
      <line num="599" type="stmt" count="0"/>
      <line num="610" type="method" name="getValidationReferenceManual" visibility="private" complexity="6" crap="42" count="0"/>
      <line num="612" type="stmt" count="0"/>
      <line num="614" type="stmt" count="0"/>
      <line num="615" type="stmt" count="0"/>
      <line num="616" type="stmt" count="0"/>
      <line num="619" type="stmt" count="0"/>
      <line num="621" type="stmt" count="0"/>
      <line num="623" type="stmt" count="0"/>
      <line num="624" type="stmt" count="0"/>
      <line num="625" type="stmt" count="0"/>
      <line num="627" type="stmt" count="0"/>
      <line num="628" type="stmt" count="0"/>
      <line num="629" type="stmt" count="0"/>
      <line num="630" type="stmt" count="0"/>
      <line num="631" type="stmt" count="0"/>
      <line num="632" type="stmt" count="0"/>
      <line num="633" type="stmt" count="0"/>
      <line num="635" type="stmt" count="0"/>
      <line num="638" type="stmt" count="0"/>
      <line num="640" type="stmt" count="0"/>
      <line num="641" type="stmt" count="0"/>
      <line num="642" type="stmt" count="0"/>
      <line num="643" type="stmt" count="0"/>
      <line num="644" type="stmt" count="0"/>
      <line num="647" type="stmt" count="0"/>
      <line num="658" type="method" name="fixMomentsEmailValidationPattern" visibility="private" complexity="2" crap="6" count="0"/>
      <line num="660" type="stmt" count="0"/>
      <line num="662" type="stmt" count="0"/>
      <line num="663" type="stmt" count="0"/>
      <line num="666" type="stmt" count="0"/>
      <metrics loc="669" ncloc="510" classes="1" methods="11" coveredmethods="0" conditionals="0" coveredconditionals="0" statements="262" coveredstatements="0" elements="273" coveredelements="0"/>
    </file>
    <file name="/Users/ruzevic/projects/infinum/wp/infobip/wp-content/plugins/eightshift-forms/src/Validation/ValidatorInterface.php">
      <metrics loc="57" ncloc="18" classes="0" methods="0" coveredmethods="0" conditionals="0" coveredconditionals="0" statements="0" coveredstatements="0" elements="0" coveredelements="0"/>
    </file>
    <file name="/Users/ruzevic/projects/infinum/wp/infobip/wp-content/plugins/eightshift-forms/src/View/EscapedView.php">
      <class name="EightshiftForms\View\EscapedView" namespace="global">
        <metrics complexity="4" methods="4" coveredmethods="0" conditionals="0" coveredconditionals="0" statements="72" coveredstatements="0" elements="76" coveredelements="0"/>
      </class>
      <line num="22" type="method" name="register" visibility="public" complexity="1" crap="2" count="0"/>
      <line num="24" type="stmt" count="0"/>
      <line num="35" type="method" name="setCustomWpksesPostTags" visibility="public" complexity="1" crap="2" count="0"/>
      <line num="37" type="stmt" count="0"/>
      <line num="38" type="stmt" count="0"/>
      <line num="39" type="stmt" count="0"/>
      <line num="40" type="stmt" count="0"/>
      <line num="41" type="stmt" count="0"/>
      <line num="49" type="method" name="setForm" visibility="private" complexity="1" crap="2" count="0"/>
      <line num="51" type="stmt" count="0"/>
      <line num="59" type="method" name="getSvg" visibility="private" complexity="1" crap="2" count="0"/>
      <line num="61" type="stmt" count="0"/>
      <line num="63" type="stmt" count="0"/>
      <line num="64" type="stmt" count="0"/>
      <line num="65" type="stmt" count="0"/>
      <line num="66" type="stmt" count="0"/>
      <line num="67" type="stmt" count="0"/>
      <line num="68" type="stmt" count="0"/>
      <line num="69" type="stmt" count="0"/>
      <line num="70" type="stmt" count="0"/>
      <line num="71" type="stmt" count="0"/>
      <line num="72" type="stmt" count="0"/>
      <line num="73" type="stmt" count="0"/>
      <line num="74" type="stmt" count="0"/>
      <line num="75" type="stmt" count="0"/>
      <line num="76" type="stmt" count="0"/>
      <line num="77" type="stmt" count="0"/>
      <line num="78" type="stmt" count="0"/>
      <line num="79" type="stmt" count="0"/>
      <line num="80" type="stmt" count="0"/>
      <line num="81" type="stmt" count="0"/>
      <line num="82" type="stmt" count="0"/>
      <line num="83" type="stmt" count="0"/>
      <line num="84" type="stmt" count="0"/>
      <line num="85" type="stmt" count="0"/>
      <line num="86" type="stmt" count="0"/>
      <line num="87" type="stmt" count="0"/>
      <line num="88" type="stmt" count="0"/>
      <line num="89" type="stmt" count="0"/>
      <line num="90" type="stmt" count="0"/>
      <line num="91" type="stmt" count="0"/>
      <line num="92" type="stmt" count="0"/>
      <line num="93" type="stmt" count="0"/>
      <line num="94" type="stmt" count="0"/>
      <line num="95" type="stmt" count="0"/>
      <line num="97" type="stmt" count="0"/>
      <line num="98" type="stmt" count="0"/>
      <line num="99" type="stmt" count="0"/>
      <line num="100" type="stmt" count="0"/>
      <line num="102" type="stmt" count="0"/>
      <line num="103" type="stmt" count="0"/>
      <line num="104" type="stmt" count="0"/>
      <line num="105" type="stmt" count="0"/>
      <line num="107" type="stmt" count="0"/>
      <line num="108" type="stmt" count="0"/>
      <line num="109" type="stmt" count="0"/>
      <line num="110" type="stmt" count="0"/>
      <line num="112" type="stmt" count="0"/>
      <line num="113" type="stmt" count="0"/>
      <line num="114" type="stmt" count="0"/>
      <line num="115" type="stmt" count="0"/>
      <line num="117" type="stmt" count="0"/>
      <line num="118" type="stmt" count="0"/>
      <line num="119" type="stmt" count="0"/>
      <line num="120" type="stmt" count="0"/>
      <line num="122" type="stmt" count="0"/>
      <line num="123" type="stmt" count="0"/>
      <line num="124" type="stmt" count="0"/>
      <line num="125" type="stmt" count="0"/>
      <line num="126" type="stmt" count="0"/>
      <line num="127" type="stmt" count="0"/>
      <line num="128" type="stmt" count="0"/>
      <line num="129" type="stmt" count="0"/>
      <line num="130" type="stmt" count="0"/>
      <line num="131" type="stmt" count="0"/>
      <line num="133" type="stmt" count="0"/>
      <metrics loc="136" ncloc="107" classes="1" methods="4" coveredmethods="0" conditionals="0" coveredconditionals="0" statements="72" coveredstatements="0" elements="76" coveredelements="0"/>
    </file>
    <file name="/Users/ruzevic/projects/infinum/wp/infobip/wp-content/plugins/eightshift-forms/src/WpCli/StylesheetSet.php">
      <class name="EightshiftForms\WpCli\StylesheetSet" namespace="global">
        <metrics complexity="6" methods="5" coveredmethods="0" conditionals="0" coveredconditionals="0" statements="30" coveredstatements="0" elements="35" coveredelements="0"/>
      </class>
      <line num="27" type="method" name="register" visibility="public" complexity="1" crap="2" count="0"/>
      <line num="29" type="stmt" count="0"/>
      <line num="37" type="method" name="registerCommand" visibility="public" complexity="1" crap="2" count="0"/>
      <line num="39" type="stmt" count="0"/>
      <line num="40" type="stmt" count="0"/>
      <line num="41" type="stmt" count="0"/>
      <line num="42" type="stmt" count="0"/>
      <line num="43" type="stmt" count="0"/>
      <line num="51" type="method" name="getCommandName" visibility="public" complexity="1" crap="2" count="0"/>
      <line num="53" type="stmt" count="0"/>
      <line num="61" type="method" name="getDocs" visibility="public" complexity="1" crap="2" count="0"/>
      <line num="63" type="stmt" count="0"/>
      <line num="64" type="stmt" count="0"/>
      <line num="65" type="stmt" count="0"/>
      <line num="66" type="stmt" count="0"/>
      <line num="67" type="stmt" count="0"/>
      <line num="68" type="stmt" count="0"/>
      <line num="69" type="stmt" count="0"/>
      <line num="70" type="stmt" count="0"/>
      <line num="71" type="stmt" count="0"/>
      <line num="72" type="stmt" count="0"/>
      <line num="73" type="stmt" count="0"/>
      <line num="77" type="method" name="__invoke" visibility="public" complexity="2" crap="6" count="0"/>
      <line num="79" type="stmt" count="0"/>
      <line num="81" type="stmt" count="0"/>
      <line num="83" type="stmt" count="0"/>
      <line num="84" type="stmt" count="0"/>
      <line num="85" type="stmt" count="0"/>
      <line num="87" type="stmt" count="0"/>
      <line num="88" type="stmt" count="0"/>
      <line num="89" type="stmt" count="0"/>
      <line num="90" type="stmt" count="0"/>
      <line num="94" type="stmt" count="0"/>
      <line num="97" type="stmt" count="0"/>
      <line num="99" type="stmt" count="0"/>
      <metrics loc="102" ncloc="69" classes="1" methods="5" coveredmethods="0" conditionals="0" coveredconditionals="0" statements="30" coveredstatements="0" elements="35" coveredelements="0"/>
    </file>
    <metrics files="190" loc="39820" ncloc="29426" classes="161" methods="853" coveredmethods="0" conditionals="0" coveredconditionals="0" statements="17057" coveredstatements="0" elements="17910" coveredelements="0"/>
  </project>
</coverage>
